[ 2018-07-10T02:44:57+08:00 ] ::1 /project/index.php
INFO: [ app_init ] --START--
INFO: Run Behavior\BuildLiteBehavior [ RunTime:0.000000s ]
INFO: [ app_init ] --END-- [ RunTime:0.000000s ]
INFO: [ app_begin ] --START--
INFO: Run Behavior\ReadHtmlCacheBehavior [ RunTime:0.002000s ]
INFO: [ app_begin ] --END-- [ RunTime:0.002000s ]
INFO: [ view_parse ] --START--
INFO: Run Behavior\ParseTemplateBehavior [ RunTime:0.001000s ]
INFO: [ view_parse ] --END-- [ RunTime:0.001000s ]
INFO: [ view_filter ] --START--
INFO: Run Behavior\WriteHtmlCacheBehavior [ RunTime:0.001000s ]
INFO: [ view_filter ] --END-- [ RunTime:0.001000s ]
INFO: [ app_end ] --START--
INFO: Run Behavior\ShowPageTraceBehavior [ RunTime:0.001000s ]
INFO: [ app_end ] --END-- [ RunTime:0.001000s ]

[ 2018-07-10T04:08:51+08:00 ] ::1 /project/index.php
INFO: [ app_init ] --START--
INFO: Run Behavior\BuildLiteBehavior [ RunTime:0.000000s ]
INFO: [ app_init ] --END-- [ RunTime:0.001000s ]
INFO: [ app_begin ] --START--
INFO: Run Behavior\ReadHtmlCacheBehavior [ RunTime:0.001000s ]
INFO: [ app_begin ] --END-- [ RunTime:0.001000s ]
INFO: [ view_parse ] --START--
INFO: Run Behavior\ParseTemplateBehavior [ RunTime:0.001000s ]
INFO: [ view_parse ] --END-- [ RunTime:0.001000s ]
INFO: [ view_filter ] --START--
INFO: Run Behavior\WriteHtmlCacheBehavior [ RunTime:0.000000s ]
INFO: [ view_filter ] --END-- [ RunTime:0.001000s ]
INFO: [ app_end ] --START--
INFO: Run Behavior\ShowPageTraceBehavior [ RunTime:0.001000s ]
INFO: [ app_end ] --END-- [ RunTime:0.001000s ]

[ 2018-07-10T05:06:55+08:00 ] ::1 /project/index.php
INFO: [ app_init ] --START--
INFO: Run Behavior\BuildLiteBehavior [ RunTime:0.000000s ]
INFO: [ app_init ] --END-- [ RunTime:0.001000s ]
INFO: [ app_begin ] --START--
INFO: Run Behavior\ReadHtmlCacheBehavior [ RunTime:0.002001s ]
INFO: [ app_begin ] --END-- [ RunTime:0.002001s ]
INFO: [ view_parse ] --START--
INFO: Run Behavior\ParseTemplateBehavior [ RunTime:0.001000s ]
INFO: [ view_parse ] --END-- [ RunTime:0.001000s ]
INFO: [ view_filter ] --START--
INFO: Run Behavior\WriteHtmlCacheBehavior [ RunTime:0.001000s ]
INFO: [ view_filter ] --END-- [ RunTime:0.001000s ]
INFO: [ app_end ] --START--
INFO: Run Behavior\ShowPageTraceBehavior [ RunTime:0.001001s ]
INFO: [ app_end ] --END-- [ RunTime:0.001001s ]

[ 2018-07-10T13:51:28+08:00 ] ::1 /project/index.php/Home/Login/index
INFO: [ app_init ] --START--
INFO: Run Behavior\BuildLiteBehavior [ RunTime:0.000000s ]
INFO: [ app_init ] --END-- [ RunTime:0.000000s ]
INFO: [ app_begin ] --START--
INFO: Run Behavior\ReadHtmlCacheBehavior [ RunTime:0.001000s ]
INFO: [ app_begin ] --END-- [ RunTime:0.001000s ]
INFO: [ view_parse ] --START--
INFO: [ template_filter ] --START--
INFO: Run Behavior\ContentReplaceBehavior [ RunTime:0.000000s ]
INFO: [ template_filter ] --END-- [ RunTime:0.000000s ]
INFO: Run Behavior\ParseTemplateBehavior [ RunTime:0.006000s ]
INFO: [ view_parse ] --END-- [ RunTime:0.006000s ]
INFO: [ view_filter ] --START--
INFO: Run Behavior\WriteHtmlCacheBehavior [ RunTime:0.000000s ]
INFO: [ view_filter ] --END-- [ RunTime:0.000000s ]
INFO: [ app_end ] --START--
INFO: Run Behavior\ShowPageTraceBehavior [ RunTime:0.001000s ]
INFO: [ app_end ] --END-- [ RunTime:0.001000s ]

[ 2018-07-10T13:51:28+08:00 ] ::1 /project/index.php/Home/Login/js/modernizr-2.6.2.min.js
INFO: [ app_init ] --START--
INFO: Run Behavior\BuildLiteBehavior [ RunTime:0.000000s ]
INFO: [ app_init ] --END-- [ RunTime:0.000000s ]
INFO: [ app_begin ] --START--
INFO: Run Behavior\ReadHtmlCacheBehavior [ RunTime:0.001000s ]
INFO: [ app_begin ] --END-- [ RunTime:0.001000s ]
ERR: 非法操作:js

[ 2018-07-10T13:51:32+08:00 ] ::1 /project/index.php/Home/index
INFO: [ app_init ] --START--
INFO: Run Behavior\BuildLiteBehavior [ RunTime:0.000000s ]
INFO: [ app_init ] --END-- [ RunTime:0.000000s ]
INFO: [ app_begin ] --START--
INFO: Run Behavior\ReadHtmlCacheBehavior [ RunTime:0.001000s ]
INFO: [ app_begin ] --END-- [ RunTime:0.001000s ]
SQL: SHOW COLUMNS FROM `books` [ RunTime:0.0070s ]
SQL: SELECT COUNT(*) AS tp_count FROM `books` RIGHT JOIN comment ON books.BID = comment.BID  WHERE ( comment.LikeNum>10 ) LIMIT 1   [ RunTime:0.0010s ]
NOTIC: [2] mt_rand(): max(-1) is smaller than min(0) E:\less1\phpstudy\PHPTutorial\WWW\project\App\Home\Controller\IndexController.class.php 第 14 行.
SQL: SELECT * FROM `books`  [ RunTime:0.0010s ]
SQL: SELECT COUNT(*) AS tp_count FROM `books` RIGHT JOIN uinfomation ON books.UserID = uinfomation.UserID  WHERE ( uinfomation.sex=0 ) LIMIT 1   [ RunTime:0.0040s ]
NOTIC: [2] mt_rand(): max(-1) is smaller than min(0) E:\less1\phpstudy\PHPTutorial\WWW\project\App\Home\Controller\IndexController.class.php 第 22 行.
SQL: SELECT * FROM `books`  [ RunTime:0.0010s ]
SQL: SELECT COUNT(*) AS tp_count FROM `books` RIGHT JOIN comment ON books.BID = comment.BID  WHERE ( comment.LikeNum>20 ) LIMIT 1   [ RunTime:0.0010s ]
NOTIC: [2] mt_rand(): max(-1) is smaller than min(0) E:\less1\phpstudy\PHPTutorial\WWW\project\App\Home\Controller\IndexController.class.php 第 30 行.
SQL: SELECT * FROM `books`  [ RunTime:0.0010s ]
SQL: SELECT COUNT(*) AS tp_count FROM `books` RIGHT JOIN uinfomation ON books.UserID = uinfomation.UserID  WHERE ( uinfomation.sex=1 ) LIMIT 1   [ RunTime:0.0010s ]
NOTIC: [2] mt_rand(): max(-1) is smaller than min(0) E:\less1\phpstudy\PHPTutorial\WWW\project\App\Home\Controller\IndexController.class.php 第 38 行.
SQL: SELECT * FROM `books`  [ RunTime:0.0010s ]
SQL: SELECT COUNT(*) AS tp_count FROM `books` LIMIT 1   [ RunTime:0.0000s ]
SQL: SELECT * FROM `books` LIMIT 0,3   [ RunTime:0.0010s ]
INFO: [ view_parse ] --START--
INFO: [ template_filter ] --START--
INFO: Run Behavior\ContentReplaceBehavior [ RunTime:0.000000s ]
INFO: [ template_filter ] --END-- [ RunTime:0.000000s ]
INFO: Run Behavior\ParseTemplateBehavior [ RunTime:0.028001s ]
INFO: [ view_parse ] --END-- [ RunTime:0.028001s ]
INFO: [ view_filter ] --START--
INFO: Run Behavior\WriteHtmlCacheBehavior [ RunTime:0.001000s ]
INFO: [ view_filter ] --END-- [ RunTime:0.001000s ]
INFO: [ app_end ] --START--
INFO: Run Behavior\ShowPageTraceBehavior [ RunTime:0.001000s ]
INFO: [ app_end ] --END-- [ RunTime:0.001000s ]

[ 2018-07-10T13:51:32+08:00 ] ::1 /project/index.php/Home/images/favicon.ico
INFO: [ app_init ] --START--
INFO: Run Behavior\BuildLiteBehavior [ RunTime:0.000000s ]
INFO: [ app_init ] --END-- [ RunTime:0.001000s ]

[ 2018-07-10T13:52:05+08:00 ] ::1 /project/index.php/Home/index
INFO: [ app_init ] --START--
INFO: Run Behavior\BuildLiteBehavior [ RunTime:0.000000s ]
INFO: [ app_init ] --END-- [ RunTime:0.001000s ]
INFO: [ app_begin ] --START--
INFO: Run Behavior\ReadHtmlCacheBehavior [ RunTime:0.001000s ]
INFO: [ app_begin ] --END-- [ RunTime:0.001000s ]
SQL: SHOW COLUMNS FROM `books` [ RunTime:0.0040s ]
SQL: SELECT COUNT(*) AS tp_count FROM `books` RIGHT JOIN comment ON books.BID = comment.BID  WHERE ( comment.LikeNum>10 ) LIMIT 1   [ RunTime:0.0000s ]
NOTIC: [2] mt_rand(): max(-1) is smaller than min(0) E:\less1\phpstudy\PHPTutorial\WWW\project\App\Home\Controller\IndexController.class.php 第 14 行.
SQL: SELECT * FROM `books`  [ RunTime:0.0010s ]
SQL: SELECT COUNT(*) AS tp_count FROM `books` RIGHT JOIN uinfomation ON books.UserID = uinfomation.UserID  WHERE ( uinfomation.sex=0 ) LIMIT 1   [ RunTime:0.0000s ]
NOTIC: [2] mt_rand(): max(-1) is smaller than min(0) E:\less1\phpstudy\PHPTutorial\WWW\project\App\Home\Controller\IndexController.class.php 第 22 行.
SQL: SELECT * FROM `books`  [ RunTime:0.0010s ]
SQL: SELECT COUNT(*) AS tp_count FROM `books` RIGHT JOIN comment ON books.BID = comment.BID  WHERE ( comment.LikeNum>20 ) LIMIT 1   [ RunTime:0.0000s ]
NOTIC: [2] mt_rand(): max(-1) is smaller than min(0) E:\less1\phpstudy\PHPTutorial\WWW\project\App\Home\Controller\IndexController.class.php 第 30 行.
SQL: SELECT * FROM `books`  [ RunTime:0.0000s ]
SQL: SELECT COUNT(*) AS tp_count FROM `books` RIGHT JOIN uinfomation ON books.UserID = uinfomation.UserID  WHERE ( uinfomation.sex=1 ) LIMIT 1   [ RunTime:0.0000s ]
NOTIC: [2] mt_rand(): max(-1) is smaller than min(0) E:\less1\phpstudy\PHPTutorial\WWW\project\App\Home\Controller\IndexController.class.php 第 38 行.
SQL: SELECT * FROM `books`  [ RunTime:0.0000s ]
SQL: SELECT COUNT(*) AS tp_count FROM `books` LIMIT 1   [ RunTime:0.0010s ]
SQL: SELECT * FROM `books` LIMIT 0,3   [ RunTime:0.0010s ]
INFO: [ view_parse ] --START--
INFO: [ template_filter ] --START--
INFO: Run Behavior\ContentReplaceBehavior [ RunTime:0.000000s ]
INFO: [ template_filter ] --END-- [ RunTime:0.000000s ]
INFO: Run Behavior\ParseTemplateBehavior [ RunTime:0.013001s ]
INFO: [ view_parse ] --END-- [ RunTime:0.013001s ]
INFO: [ view_filter ] --START--
INFO: Run Behavior\WriteHtmlCacheBehavior [ RunTime:0.001000s ]
INFO: [ view_filter ] --END-- [ RunTime:0.001000s ]
INFO: [ app_end ] --START--
INFO: Run Behavior\ShowPageTraceBehavior [ RunTime:0.001000s ]
INFO: [ app_end ] --END-- [ RunTime:0.001000s ]

[ 2018-07-10T13:52:24+08:00 ] ::1 /project/index.php/Home/Login/index.html
INFO: [ app_init ] --START--
INFO: Run Behavior\BuildLiteBehavior [ RunTime:0.000000s ]
INFO: [ app_init ] --END-- [ RunTime:0.000000s ]
INFO: [ app_begin ] --START--
INFO: Run Behavior\ReadHtmlCacheBehavior [ RunTime:0.001000s ]
INFO: [ app_begin ] --END-- [ RunTime:0.001000s ]
INFO: [ view_parse ] --START--
INFO: [ template_filter ] --START--
INFO: Run Behavior\ContentReplaceBehavior [ RunTime:0.000000s ]
INFO: [ template_filter ] --END-- [ RunTime:0.000000s ]
INFO: Run Behavior\ParseTemplateBehavior [ RunTime:0.009001s ]
INFO: [ view_parse ] --END-- [ RunTime:0.009001s ]
INFO: [ view_filter ] --START--
INFO: Run Behavior\WriteHtmlCacheBehavior [ RunTime:0.000000s ]
INFO: [ view_filter ] --END-- [ RunTime:0.000000s ]
INFO: [ app_end ] --START--
INFO: Run Behavior\ShowPageTraceBehavior [ RunTime:0.001000s ]
INFO: [ app_end ] --END-- [ RunTime:0.001000s ]

[ 2018-07-10T13:52:24+08:00 ] ::1 /project/index.php/Home/Login/js/modernizr-2.6.2.min.js
INFO: [ app_init ] --START--
INFO: Run Behavior\BuildLiteBehavior [ RunTime:0.000000s ]
INFO: [ app_init ] --END-- [ RunTime:0.000000s ]
INFO: [ app_begin ] --START--
INFO: Run Behavior\ReadHtmlCacheBehavior [ RunTime:0.001000s ]
INFO: [ app_begin ] --END-- [ RunTime:0.001000s ]
ERR: 非法操作:js

[ 2018-07-10T13:52:26+08:00 ] ::1 /project/index.php/Home/Login/register.html
INFO: [ app_init ] --START--
INFO: Run Behavior\BuildLiteBehavior [ RunTime:0.000000s ]
INFO: [ app_init ] --END-- [ RunTime:0.002000s ]
INFO: [ app_begin ] --START--
INFO: Run Behavior\ReadHtmlCacheBehavior [ RunTime:0.002001s ]
INFO: [ app_begin ] --END-- [ RunTime:0.002001s ]
INFO: [ view_parse ] --START--
INFO: [ template_filter ] --START--
INFO: Run Behavior\ContentReplaceBehavior [ RunTime:0.000000s ]
INFO: [ template_filter ] --END-- [ RunTime:0.000000s ]
INFO: Run Behavior\ParseTemplateBehavior [ RunTime:0.006000s ]
INFO: [ view_parse ] --END-- [ RunTime:0.006000s ]
INFO: [ view_filter ] --START--
INFO: Run Behavior\WriteHtmlCacheBehavior [ RunTime:0.000000s ]
INFO: [ view_filter ] --END-- [ RunTime:0.000000s ]
INFO: [ app_end ] --START--
INFO: Run Behavior\ShowPageTraceBehavior [ RunTime:0.000000s ]
INFO: [ app_end ] --END-- [ RunTime:0.000000s ]

[ 2018-07-10T13:52:27+08:00 ] ::1 /project/index.php/Home/Login/js/modernizr-2.6.2.min.js
INFO: [ app_init ] --START--
INFO: Run Behavior\BuildLiteBehavior [ RunTime:0.000000s ]
INFO: [ app_init ] --END-- [ RunTime:0.001000s ]
INFO: [ app_begin ] --START--
INFO: Run Behavior\ReadHtmlCacheBehavior [ RunTime:0.002001s ]
INFO: [ app_begin ] --END-- [ RunTime:0.002001s ]
ERR: 非法操作:js

[ 2018-07-10T13:52:35+08:00 ] ::1 /project/index.php/Home/Login/register.html
INFO: [ app_init ] --START--
INFO: Run Behavior\BuildLiteBehavior [ RunTime:0.000000s ]
INFO: [ app_init ] --END-- [ RunTime:0.001000s ]
INFO: [ app_begin ] --START--
INFO: Run Behavior\ReadHtmlCacheBehavior [ RunTime:0.001000s ]
INFO: [ app_begin ] --END-- [ RunTime:0.001000s ]
INFO: [ view_parse ] --START--
INFO: [ template_filter ] --START--
INFO: Run Behavior\ContentReplaceBehavior [ RunTime:0.000000s ]
INFO: [ template_filter ] --END-- [ RunTime:0.000000s ]
INFO: Run Behavior\ParseTemplateBehavior [ RunTime:0.010001s ]
INFO: [ view_parse ] --END-- [ RunTime:0.011001s ]
INFO: [ view_filter ] --START--
INFO: Run Behavior\WriteHtmlCacheBehavior [ RunTime:0.000000s ]
INFO: [ view_filter ] --END-- [ RunTime:0.000000s ]
INFO: [ app_end ] --START--
INFO: Run Behavior\ShowPageTraceBehavior [ RunTime:0.002000s ]
INFO: [ app_end ] --END-- [ RunTime:0.002000s ]

[ 2018-07-10T13:52:35+08:00 ] ::1 /project/index.php/Home/Login/js/modernizr-2.6.2.min.js
INFO: [ app_init ] --START--
INFO: Run Behavior\BuildLiteBehavior [ RunTime:0.000000s ]
INFO: [ app_init ] --END-- [ RunTime:0.000000s ]
INFO: [ app_begin ] --START--
INFO: Run Behavior\ReadHtmlCacheBehavior [ RunTime:0.001000s ]
INFO: [ app_begin ] --END-- [ RunTime:0.001000s ]
ERR: 非法操作:js

[ 2018-07-10T13:52:39+08:00 ] ::1 /project/index.php/Home/Index/index.html
INFO: [ app_init ] --START--
INFO: Run Behavior\BuildLiteBehavior [ RunTime:0.000000s ]
INFO: [ app_init ] --END-- [ RunTime:0.001000s ]
INFO: [ app_begin ] --START--
INFO: Run Behavior\ReadHtmlCacheBehavior [ RunTime:0.001000s ]
INFO: [ app_begin ] --END-- [ RunTime:0.001000s ]
SQL: SHOW COLUMNS FROM `books` [ RunTime:0.0040s ]
SQL: SELECT COUNT(*) AS tp_count FROM `books` RIGHT JOIN comment ON books.BID = comment.BID  WHERE ( comment.LikeNum>10 ) LIMIT 1   [ RunTime:0.0010s ]
NOTIC: [2] mt_rand(): max(-1) is smaller than min(0) E:\less1\phpstudy\PHPTutorial\WWW\project\App\Home\Controller\IndexController.class.php 第 14 行.
SQL: SELECT * FROM `books`  [ RunTime:0.0000s ]
SQL: SELECT COUNT(*) AS tp_count FROM `books` RIGHT JOIN uinfomation ON books.UserID = uinfomation.UserID  WHERE ( uinfomation.sex=0 ) LIMIT 1   [ RunTime:0.0010s ]
NOTIC: [2] mt_rand(): max(-1) is smaller than min(0) E:\less1\phpstudy\PHPTutorial\WWW\project\App\Home\Controller\IndexController.class.php 第 22 行.
SQL: SELECT * FROM `books`  [ RunTime:0.0000s ]
SQL: SELECT COUNT(*) AS tp_count FROM `books` RIGHT JOIN comment ON books.BID = comment.BID  WHERE ( comment.LikeNum>20 ) LIMIT 1   [ RunTime:0.0010s ]
NOTIC: [2] mt_rand(): max(-1) is smaller than min(0) E:\less1\phpstudy\PHPTutorial\WWW\project\App\Home\Controller\IndexController.class.php 第 30 行.
SQL: SELECT * FROM `books`  [ RunTime:0.0010s ]
SQL: SELECT COUNT(*) AS tp_count FROM `books` RIGHT JOIN uinfomation ON books.UserID = uinfomation.UserID  WHERE ( uinfomation.sex=1 ) LIMIT 1   [ RunTime:0.0000s ]
NOTIC: [2] mt_rand(): max(-1) is smaller than min(0) E:\less1\phpstudy\PHPTutorial\WWW\project\App\Home\Controller\IndexController.class.php 第 38 行.
SQL: SELECT * FROM `books`  [ RunTime:0.0010s ]
SQL: SELECT COUNT(*) AS tp_count FROM `books` LIMIT 1   [ RunTime:0.0000s ]
SQL: SELECT * FROM `books` LIMIT 0,3   [ RunTime:0.0000s ]
INFO: [ view_parse ] --START--
INFO: [ template_filter ] --START--
INFO: Run Behavior\ContentReplaceBehavior [ RunTime:0.000000s ]
INFO: [ template_filter ] --END-- [ RunTime:0.000000s ]
INFO: Run Behavior\ParseTemplateBehavior [ RunTime:0.011000s ]
INFO: [ view_parse ] --END-- [ RunTime:0.011000s ]
INFO: [ view_filter ] --START--
INFO: Run Behavior\WriteHtmlCacheBehavior [ RunTime:0.001000s ]
INFO: [ view_filter ] --END-- [ RunTime:0.001000s ]
INFO: [ app_end ] --START--
INFO: Run Behavior\ShowPageTraceBehavior [ RunTime:0.004001s ]
INFO: [ app_end ] --END-- [ RunTime:0.004001s ]

[ 2018-07-10T13:52:39+08:00 ] ::1 /project/index.php/Home/Index/images/favicon.ico
INFO: [ app_init ] --START--
INFO: Run Behavior\BuildLiteBehavior [ RunTime:0.000000s ]
INFO: [ app_init ] --END-- [ RunTime:0.002000s ]

[ 2018-07-10T13:52:41+08:00 ] ::1 /project/index.php/Home/Index/people.html
INFO: [ app_init ] --START--
INFO: Run Behavior\BuildLiteBehavior [ RunTime:0.000000s ]
INFO: [ app_init ] --END-- [ RunTime:0.001000s ]
INFO: [ app_begin ] --START--
INFO: Run Behavior\ReadHtmlCacheBehavior [ RunTime:0.001000s ]
INFO: [ app_begin ] --END-- [ RunTime:0.001000s ]
INFO: [ view_parse ] --START--
INFO: [ template_filter ] --START--
INFO: Run Behavior\ContentReplaceBehavior [ RunTime:0.001001s ]
INFO: [ template_filter ] --END-- [ RunTime:0.001001s ]
INFO: Run Behavior\ParseTemplateBehavior [ RunTime:0.007001s ]
INFO: [ view_parse ] --END-- [ RunTime:0.007001s ]
INFO: [ view_filter ] --START--
INFO: Run Behavior\WriteHtmlCacheBehavior [ RunTime:0.000000s ]
INFO: [ view_filter ] --END-- [ RunTime:0.000000s ]
INFO: [ app_end ] --START--
INFO: Run Behavior\ShowPageTraceBehavior [ RunTime:0.001000s ]
INFO: [ app_end ] --END-- [ RunTime:0.001000s ]

[ 2018-07-10T13:53:05+08:00 ] ::1 /project/index.php/Home/Index/people.html
INFO: [ app_init ] --START--
INFO: Run Behavior\BuildLiteBehavior [ RunTime:0.001000s ]
INFO: [ app_init ] --END-- [ RunTime:0.002000s ]
INFO: [ app_begin ] --START--
INFO: Run Behavior\ReadHtmlCacheBehavior [ RunTime:0.002000s ]
INFO: [ app_begin ] --END-- [ RunTime:0.002000s ]
INFO: [ view_parse ] --START--
INFO: [ template_filter ] --START--
INFO: Run Behavior\ContentReplaceBehavior [ RunTime:0.000000s ]
INFO: [ template_filter ] --END-- [ RunTime:0.000000s ]
INFO: Run Behavior\ParseTemplateBehavior [ RunTime:0.007000s ]
INFO: [ view_parse ] --END-- [ RunTime:0.007000s ]
INFO: [ view_filter ] --START--
INFO: Run Behavior\WriteHtmlCacheBehavior [ RunTime:0.001001s ]
INFO: [ view_filter ] --END-- [ RunTime:0.001001s ]
INFO: [ app_end ] --START--
INFO: Run Behavior\ShowPageTraceBehavior [ RunTime:0.001000s ]
INFO: [ app_end ] --END-- [ RunTime:0.001000s ]

[ 2018-07-10T13:53:42+08:00 ] ::1 /project/index.php/Home/Index/people.html
INFO: [ app_init ] --START--
INFO: Run Behavior\BuildLiteBehavior [ RunTime:0.000000s ]
INFO: [ app_init ] --END-- [ RunTime:0.000000s ]
INFO: [ app_begin ] --START--
INFO: Run Behavior\ReadHtmlCacheBehavior [ RunTime:0.000000s ]
INFO: [ app_begin ] --END-- [ RunTime:0.000000s ]
INFO: [ view_parse ] --START--
INFO: [ template_filter ] --START--
INFO: Run Behavior\ContentReplaceBehavior [ RunTime:0.000000s ]
INFO: [ template_filter ] --END-- [ RunTime:0.001000s ]
INFO: Run Behavior\ParseTemplateBehavior [ RunTime:0.055004s ]
INFO: [ view_parse ] --END-- [ RunTime:0.055004s ]
INFO: [ view_filter ] --START--
INFO: Run Behavior\WriteHtmlCacheBehavior [ RunTime:0.002000s ]
INFO: [ view_filter ] --END-- [ RunTime:0.002000s ]
INFO: [ app_end ] --START--
INFO: Run Behavior\ShowPageTraceBehavior [ RunTime:0.003000s ]
INFO: [ app_end ] --END-- [ RunTime:0.003000s ]

[ 2018-07-10T13:54:35+08:00 ] ::1 /project/index.php/Home/Index/index.html
INFO: [ app_init ] --START--
INFO: Run Behavior\BuildLiteBehavior [ RunTime:0.000000s ]
INFO: [ app_init ] --END-- [ RunTime:0.001000s ]
INFO: [ app_begin ] --START--
INFO: Run Behavior\ReadHtmlCacheBehavior [ RunTime:0.001000s ]
INFO: [ app_begin ] --END-- [ RunTime:0.001000s ]
SQL: SHOW COLUMNS FROM `books` [ RunTime:0.0040s ]
SQL: SELECT COUNT(*) AS tp_count FROM `books` RIGHT JOIN comment ON books.BID = comment.BID  WHERE ( comment.LikeNum>10 ) LIMIT 1   [ RunTime:0.0000s ]
NOTIC: [2] mt_rand(): max(-1) is smaller than min(0) E:\less1\phpstudy\PHPTutorial\WWW\project\App\Home\Controller\IndexController.class.php 第 14 行.
SQL: SELECT * FROM `books`  [ RunTime:0.0000s ]
SQL: SELECT COUNT(*) AS tp_count FROM `books` RIGHT JOIN uinfomation ON books.UserID = uinfomation.UserID  WHERE ( uinfomation.sex=0 ) LIMIT 1   [ RunTime:0.0010s ]
NOTIC: [2] mt_rand(): max(-1) is smaller than min(0) E:\less1\phpstudy\PHPTutorial\WWW\project\App\Home\Controller\IndexController.class.php 第 22 行.
SQL: SELECT * FROM `books`  [ RunTime:0.0000s ]
SQL: SELECT COUNT(*) AS tp_count FROM `books` RIGHT JOIN comment ON books.BID = comment.BID  WHERE ( comment.LikeNum>20 ) LIMIT 1   [ RunTime:0.0000s ]
NOTIC: [2] mt_rand(): max(-1) is smaller than min(0) E:\less1\phpstudy\PHPTutorial\WWW\project\App\Home\Controller\IndexController.class.php 第 30 行.
SQL: SELECT * FROM `books`  [ RunTime:0.0000s ]
SQL: SELECT COUNT(*) AS tp_count FROM `books` RIGHT JOIN uinfomation ON books.UserID = uinfomation.UserID  WHERE ( uinfomation.sex=1 ) LIMIT 1   [ RunTime:0.0010s ]
NOTIC: [2] mt_rand(): max(-1) is smaller than min(0) E:\less1\phpstudy\PHPTutorial\WWW\project\App\Home\Controller\IndexController.class.php 第 38 行.
SQL: SELECT * FROM `books`  [ RunTime:0.0000s ]
SQL: SELECT COUNT(*) AS tp_count FROM `books` LIMIT 1   [ RunTime:0.0000s ]
SQL: SELECT * FROM `books` LIMIT 0,3   [ RunTime:0.0010s ]
INFO: [ view_parse ] --START--
INFO: [ template_filter ] --START--
INFO: Run Behavior\ContentReplaceBehavior [ RunTime:0.000000s ]
INFO: [ template_filter ] --END-- [ RunTime:0.000000s ]
INFO: Run Behavior\ParseTemplateBehavior [ RunTime:0.093005s ]
INFO: [ view_parse ] --END-- [ RunTime:0.093005s ]
INFO: [ view_filter ] --START--
INFO: Run Behavior\WriteHtmlCacheBehavior [ RunTime:0.000000s ]
INFO: [ view_filter ] --END-- [ RunTime:0.000000s ]
INFO: [ app_end ] --START--
INFO: Run Behavior\ShowPageTraceBehavior [ RunTime:0.001000s ]
INFO: [ app_end ] --END-- [ RunTime:0.001000s ]

[ 2018-07-10T13:55:25+08:00 ] ::1 /project/index.php/Home/Index/index.html
INFO: [ app_init ] --START--
INFO: Run Behavior\BuildLiteBehavior [ RunTime:0.000000s ]
INFO: [ app_init ] --END-- [ RunTime:0.001000s ]
INFO: [ app_begin ] --START--
INFO: Run Behavior\ReadHtmlCacheBehavior [ RunTime:0.000000s ]
INFO: [ app_begin ] --END-- [ RunTime:0.000000s ]
SQL: SHOW COLUMNS FROM `books` [ RunTime:0.0030s ]
SQL: SELECT COUNT(*) AS tp_count FROM `books` RIGHT JOIN comment ON books.BID = comment.BID  WHERE ( comment.LikeNum>10 ) LIMIT 1   [ RunTime:0.0000s ]
NOTIC: [2] mt_rand(): max(-1) is smaller than min(0) E:\less1\phpstudy\PHPTutorial\WWW\project\App\Home\Controller\IndexController.class.php 第 14 行.
SQL: SELECT * FROM `books` LIMIT 2   [ RunTime:0.0000s ]
SQL: SELECT COUNT(*) AS tp_count FROM `books` RIGHT JOIN uinfomation ON books.UserID = uinfomation.UserID  WHERE ( uinfomation.sex=0 ) LIMIT 1   [ RunTime:0.0000s ]
NOTIC: [2] mt_rand(): max(-1) is smaller than min(0) E:\less1\phpstudy\PHPTutorial\WWW\project\App\Home\Controller\IndexController.class.php 第 22 行.
SQL: SELECT * FROM `books`  [ RunTime:0.0000s ]
SQL: SELECT COUNT(*) AS tp_count FROM `books` RIGHT JOIN comment ON books.BID = comment.BID  WHERE ( comment.LikeNum>20 ) LIMIT 1   [ RunTime:0.0010s ]
NOTIC: [2] mt_rand(): max(-1) is smaller than min(0) E:\less1\phpstudy\PHPTutorial\WWW\project\App\Home\Controller\IndexController.class.php 第 30 行.
SQL: SELECT * FROM `books`  [ RunTime:0.0000s ]
SQL: SELECT COUNT(*) AS tp_count FROM `books` RIGHT JOIN uinfomation ON books.UserID = uinfomation.UserID  WHERE ( uinfomation.sex=1 ) LIMIT 1   [ RunTime:0.0010s ]
NOTIC: [2] mt_rand(): max(-1) is smaller than min(0) E:\less1\phpstudy\PHPTutorial\WWW\project\App\Home\Controller\IndexController.class.php 第 38 行.
SQL: SELECT * FROM `books`  [ RunTime:0.0000s ]
SQL: SELECT COUNT(*) AS tp_count FROM `books` LIMIT 1   [ RunTime:0.0000s ]
SQL: SELECT * FROM `books` LIMIT 0,3   [ RunTime:0.0010s ]
INFO: [ view_parse ] --START--
INFO: [ template_filter ] --START--
INFO: Run Behavior\ContentReplaceBehavior [ RunTime:0.000000s ]
INFO: [ template_filter ] --END-- [ RunTime:0.000000s ]
INFO: Run Behavior\ParseTemplateBehavior [ RunTime:0.011001s ]
INFO: [ view_parse ] --END-- [ RunTime:0.011001s ]
INFO: [ view_filter ] --START--
INFO: Run Behavior\WriteHtmlCacheBehavior [ RunTime:0.001000s ]
INFO: [ view_filter ] --END-- [ RunTime:0.001000s ]
INFO: [ app_end ] --START--
INFO: Run Behavior\ShowPageTraceBehavior [ RunTime:0.001000s ]
INFO: [ app_end ] --END-- [ RunTime:0.001000s ]

[ 2018-07-10T13:56:12+08:00 ] ::1 /project/index.php/Home/Index/index.html
INFO: [ app_init ] --START--
INFO: Run Behavior\BuildLiteBehavior [ RunTime:0.000000s ]
INFO: [ app_init ] --END-- [ RunTime:0.000000s ]
INFO: [ app_begin ] --START--
INFO: Run Behavior\ReadHtmlCacheBehavior [ RunTime:0.001000s ]
INFO: [ app_begin ] --END-- [ RunTime:0.001000s ]
SQL: SHOW COLUMNS FROM `books` [ RunTime:0.0050s ]
SQL: SELECT COUNT(*) AS tp_count FROM `books` RIGHT JOIN comment ON books.BID = comment.BID  WHERE ( comment.LikeNum>10 ) LIMIT 1   [ RunTime:0.0000s ]
NOTIC: [2] mt_rand(): max(-1) is smaller than min(0) E:\less1\phpstudy\PHPTutorial\WWW\project\App\Home\Controller\IndexController.class.php 第 14 行.
SQL: SELECT * FROM `books` LIMIT 2   [ RunTime:0.0000s ]
SQL: SELECT COUNT(*) AS tp_count FROM `books` RIGHT JOIN uinfomation ON books.UserID = uinfomation.UserID  WHERE ( uinfomation.sex=0 ) LIMIT 1   [ RunTime:0.0010s ]
NOTIC: [2] mt_rand(): max(-1) is smaller than min(0) E:\less1\phpstudy\PHPTutorial\WWW\project\App\Home\Controller\IndexController.class.php 第 22 行.
SQL: SELECT * FROM `books`  [ RunTime:0.0000s ]
SQL: SELECT COUNT(*) AS tp_count FROM `books` RIGHT JOIN comment ON books.BID = comment.BID  WHERE ( comment.LikeNum>20 ) LIMIT 1   [ RunTime:0.0000s ]
NOTIC: [2] mt_rand(): max(-1) is smaller than min(0) E:\less1\phpstudy\PHPTutorial\WWW\project\App\Home\Controller\IndexController.class.php 第 30 行.
SQL: SELECT * FROM `books`  [ RunTime:0.0000s ]
SQL: SELECT COUNT(*) AS tp_count FROM `books` RIGHT JOIN uinfomation ON books.UserID = uinfomation.UserID  WHERE ( uinfomation.sex=1 ) LIMIT 1   [ RunTime:0.0000s ]
NOTIC: [2] mt_rand(): max(-1) is smaller than min(0) E:\less1\phpstudy\PHPTutorial\WWW\project\App\Home\Controller\IndexController.class.php 第 38 行.
SQL: SELECT * FROM `books`  [ RunTime:0.0010s ]
SQL: SELECT COUNT(*) AS tp_count FROM `books` LIMIT 1   [ RunTime:0.0000s ]
SQL: SELECT * FROM `books` LIMIT 0,3   [ RunTime:0.0000s ]
INFO: [ view_parse ] --START--
INFO: [ template_filter ] --START--
INFO: Run Behavior\ContentReplaceBehavior [ RunTime:0.000000s ]
INFO: [ template_filter ] --END-- [ RunTime:0.000000s ]
INFO: Run Behavior\ParseTemplateBehavior [ RunTime:0.010001s ]
INFO: [ view_parse ] --END-- [ RunTime:0.011001s ]
INFO: [ view_filter ] --START--
INFO: Run Behavior\WriteHtmlCacheBehavior [ RunTime:0.001000s ]
INFO: [ view_filter ] --END-- [ RunTime:0.001000s ]
INFO: [ app_end ] --START--
INFO: Run Behavior\ShowPageTraceBehavior [ RunTime:0.001000s ]
INFO: [ app_end ] --END-- [ RunTime:0.001000s ]

[ 2018-07-10T13:56:12+08:00 ] ::1 /project/index.php/Home/Index/index.html
INFO: [ app_init ] --START--
INFO: Run Behavior\BuildLiteBehavior [ RunTime:0.000000s ]
INFO: [ app_init ] --END-- [ RunTime:0.000000s ]
INFO: [ app_begin ] --START--
INFO: Run Behavior\ReadHtmlCacheBehavior [ RunTime:0.001000s ]
INFO: [ app_begin ] --END-- [ RunTime:0.001000s ]
SQL: SHOW COLUMNS FROM `books` [ RunTime:0.0040s ]
SQL: SELECT COUNT(*) AS tp_count FROM `books` RIGHT JOIN comment ON books.BID = comment.BID  WHERE ( comment.LikeNum>10 ) LIMIT 1   [ RunTime:0.0000s ]
NOTIC: [2] mt_rand(): max(-1) is smaller than min(0) E:\less1\phpstudy\PHPTutorial\WWW\project\App\Home\Controller\IndexController.class.php 第 14 行.
SQL: SELECT * FROM `books` LIMIT 2   [ RunTime:0.0010s ]
SQL: SELECT COUNT(*) AS tp_count FROM `books` RIGHT JOIN uinfomation ON books.UserID = uinfomation.UserID  WHERE ( uinfomation.sex=0 ) LIMIT 1   [ RunTime:0.0000s ]
NOTIC: [2] mt_rand(): max(-1) is smaller than min(0) E:\less1\phpstudy\PHPTutorial\WWW\project\App\Home\Controller\IndexController.class.php 第 22 行.
SQL: SELECT * FROM `books`  [ RunTime:0.0000s ]
SQL: SELECT COUNT(*) AS tp_count FROM `books` RIGHT JOIN comment ON books.BID = comment.BID  WHERE ( comment.LikeNum>20 ) LIMIT 1   [ RunTime:0.0000s ]
NOTIC: [2] mt_rand(): max(-1) is smaller than min(0) E:\less1\phpstudy\PHPTutorial\WWW\project\App\Home\Controller\IndexController.class.php 第 30 行.
SQL: SELECT * FROM `books`  [ RunTime:0.0000s ]
SQL: SELECT COUNT(*) AS tp_count FROM `books` RIGHT JOIN uinfomation ON books.UserID = uinfomation.UserID  WHERE ( uinfomation.sex=1 ) LIMIT 1   [ RunTime:0.0000s ]
NOTIC: [2] mt_rand(): max(-1) is smaller than min(0) E:\less1\phpstudy\PHPTutorial\WWW\project\App\Home\Controller\IndexController.class.php 第 38 行.
SQL: SELECT * FROM `books`  [ RunTime:0.0010s ]
SQL: SELECT COUNT(*) AS tp_count FROM `books` LIMIT 1   [ RunTime:0.0000s ]
SQL: SELECT * FROM `books` LIMIT 0,3   [ RunTime:0.0000s ]
INFO: [ view_parse ] --START--
INFO: [ template_filter ] --START--
INFO: Run Behavior\ContentReplaceBehavior [ RunTime:0.000000s ]
INFO: [ template_filter ] --END-- [ RunTime:0.000000s ]
INFO: Run Behavior\ParseTemplateBehavior [ RunTime:0.011001s ]
INFO: [ view_parse ] --END-- [ RunTime:0.011001s ]
INFO: [ view_filter ] --START--
INFO: Run Behavior\WriteHtmlCacheBehavior [ RunTime:0.001000s ]
INFO: [ view_filter ] --END-- [ RunTime:0.001000s ]
INFO: [ app_end ] --START--
INFO: Run Behavior\ShowPageTraceBehavior [ RunTime:0.001000s ]
INFO: [ app_end ] --END-- [ RunTime:0.001000s ]

[ 2018-07-10T13:56:13+08:00 ] ::1 /project/index.php/Home/Index/index.html
INFO: [ app_init ] --START--
INFO: Run Behavior\BuildLiteBehavior [ RunTime:0.000000s ]
INFO: [ app_init ] --END-- [ RunTime:0.002000s ]
INFO: [ app_begin ] --START--
INFO: Run Behavior\ReadHtmlCacheBehavior [ RunTime:0.001000s ]
INFO: [ app_begin ] --END-- [ RunTime:0.001000s ]
SQL: SHOW COLUMNS FROM `books` [ RunTime:0.0040s ]
SQL: SELECT COUNT(*) AS tp_count FROM `books` RIGHT JOIN comment ON books.BID = comment.BID  WHERE ( comment.LikeNum>10 ) LIMIT 1   [ RunTime:0.0010s ]
NOTIC: [2] mt_rand(): max(-1) is smaller than min(0) E:\less1\phpstudy\PHPTutorial\WWW\project\App\Home\Controller\IndexController.class.php 第 14 行.
SQL: SELECT * FROM `books` LIMIT 2   [ RunTime:0.0000s ]
SQL: SELECT COUNT(*) AS tp_count FROM `books` RIGHT JOIN uinfomation ON books.UserID = uinfomation.UserID  WHERE ( uinfomation.sex=0 ) LIMIT 1   [ RunTime:0.0010s ]
NOTIC: [2] mt_rand(): max(-1) is smaller than min(0) E:\less1\phpstudy\PHPTutorial\WWW\project\App\Home\Controller\IndexController.class.php 第 22 行.
SQL: SELECT * FROM `books`  [ RunTime:0.0000s ]
SQL: SELECT COUNT(*) AS tp_count FROM `books` RIGHT JOIN comment ON books.BID = comment.BID  WHERE ( comment.LikeNum>20 ) LIMIT 1   [ RunTime:0.0010s ]
NOTIC: [2] mt_rand(): max(-1) is smaller than min(0) E:\less1\phpstudy\PHPTutorial\WWW\project\App\Home\Controller\IndexController.class.php 第 30 行.
SQL: SELECT * FROM `books`  [ RunTime:0.0000s ]
SQL: SELECT COUNT(*) AS tp_count FROM `books` RIGHT JOIN uinfomation ON books.UserID = uinfomation.UserID  WHERE ( uinfomation.sex=1 ) LIMIT 1   [ RunTime:0.0000s ]
NOTIC: [2] mt_rand(): max(-1) is smaller than min(0) E:\less1\phpstudy\PHPTutorial\WWW\project\App\Home\Controller\IndexController.class.php 第 38 行.
SQL: SELECT * FROM `books`  [ RunTime:0.0000s ]
SQL: SELECT COUNT(*) AS tp_count FROM `books` LIMIT 1   [ RunTime:0.0000s ]
SQL: SELECT * FROM `books` LIMIT 0,3   [ RunTime:0.0010s ]
INFO: [ view_parse ] --START--
INFO: [ template_filter ] --START--
INFO: Run Behavior\ContentReplaceBehavior [ RunTime:0.000000s ]
INFO: [ template_filter ] --END-- [ RunTime:0.000000s ]
INFO: Run Behavior\ParseTemplateBehavior [ RunTime:0.011000s ]
INFO: [ view_parse ] --END-- [ RunTime:0.011000s ]
INFO: [ view_filter ] --START--
INFO: Run Behavior\WriteHtmlCacheBehavior [ RunTime:0.000000s ]
INFO: [ view_filter ] --END-- [ RunTime:0.000000s ]
INFO: [ app_end ] --START--
INFO: Run Behavior\ShowPageTraceBehavior [ RunTime:0.000000s ]
INFO: [ app_end ] --END-- [ RunTime:0.000000s ]

[ 2018-07-10T13:56:13+08:00 ] ::1 /project/index.php/Home/Index/index.html
INFO: [ app_init ] --START--
INFO: Run Behavior\BuildLiteBehavior [ RunTime:0.000000s ]
INFO: [ app_init ] --END-- [ RunTime:0.001001s ]
INFO: [ app_begin ] --START--
INFO: Run Behavior\ReadHtmlCacheBehavior [ RunTime:0.001000s ]
INFO: [ app_begin ] --END-- [ RunTime:0.001000s ]
SQL: SHOW COLUMNS FROM `books` [ RunTime:0.0040s ]
SQL: SELECT COUNT(*) AS tp_count FROM `books` RIGHT JOIN comment ON books.BID = comment.BID  WHERE ( comment.LikeNum>10 ) LIMIT 1   [ RunTime:0.0000s ]
NOTIC: [2] mt_rand(): max(-1) is smaller than min(0) E:\less1\phpstudy\PHPTutorial\WWW\project\App\Home\Controller\IndexController.class.php 第 14 行.
SQL: SELECT * FROM `books` LIMIT 2   [ RunTime:0.0010s ]
SQL: SELECT COUNT(*) AS tp_count FROM `books` RIGHT JOIN uinfomation ON books.UserID = uinfomation.UserID  WHERE ( uinfomation.sex=0 ) LIMIT 1   [ RunTime:0.0000s ]
NOTIC: [2] mt_rand(): max(-1) is smaller than min(0) E:\less1\phpstudy\PHPTutorial\WWW\project\App\Home\Controller\IndexController.class.php 第 22 行.
SQL: SELECT * FROM `books`  [ RunTime:0.0000s ]
SQL: SELECT COUNT(*) AS tp_count FROM `books` RIGHT JOIN comment ON books.BID = comment.BID  WHERE ( comment.LikeNum>20 ) LIMIT 1   [ RunTime:0.0010s ]
NOTIC: [2] mt_rand(): max(-1) is smaller than min(0) E:\less1\phpstudy\PHPTutorial\WWW\project\App\Home\Controller\IndexController.class.php 第 30 行.
SQL: SELECT * FROM `books`  [ RunTime:0.0000s ]
SQL: SELECT COUNT(*) AS tp_count FROM `books` RIGHT JOIN uinfomation ON books.UserID = uinfomation.UserID  WHERE ( uinfomation.sex=1 ) LIMIT 1   [ RunTime:0.0000s ]
NOTIC: [2] mt_rand(): max(-1) is smaller than min(0) E:\less1\phpstudy\PHPTutorial\WWW\project\App\Home\Controller\IndexController.class.php 第 38 行.
SQL: SELECT * FROM `books`  [ RunTime:0.0010s ]
SQL: SELECT COUNT(*) AS tp_count FROM `books` LIMIT 1   [ RunTime:0.0000s ]
SQL: SELECT * FROM `books` LIMIT 0,3   [ RunTime:0.0010s ]
INFO: [ view_parse ] --START--
INFO: [ template_filter ] --START--
INFO: Run Behavior\ContentReplaceBehavior [ RunTime:0.000000s ]
INFO: [ template_filter ] --END-- [ RunTime:0.000000s ]
INFO: Run Behavior\ParseTemplateBehavior [ RunTime:0.010000s ]
INFO: [ view_parse ] --END-- [ RunTime:0.010000s ]
INFO: [ view_filter ] --START--
INFO: Run Behavior\WriteHtmlCacheBehavior [ RunTime:0.001001s ]
INFO: [ view_filter ] --END-- [ RunTime:0.001001s ]
INFO: [ app_end ] --START--
INFO: Run Behavior\ShowPageTraceBehavior [ RunTime:0.001000s ]
INFO: [ app_end ] --END-- [ RunTime:0.001000s ]

[ 2018-07-10T13:56:13+08:00 ] ::1 /project/index.php/Home/Index/index.html
INFO: [ app_init ] --START--
INFO: Run Behavior\BuildLiteBehavior [ RunTime:0.000000s ]
INFO: [ app_init ] --END-- [ RunTime:0.000000s ]
INFO: [ app_begin ] --START--
INFO: Run Behavior\ReadHtmlCacheBehavior [ RunTime:0.001000s ]
INFO: [ app_begin ] --END-- [ RunTime:0.001000s ]
SQL: SHOW COLUMNS FROM `books` [ RunTime:0.0040s ]
SQL: SELECT COUNT(*) AS tp_count FROM `books` RIGHT JOIN comment ON books.BID = comment.BID  WHERE ( comment.LikeNum>10 ) LIMIT 1   [ RunTime:0.0000s ]
NOTIC: [2] mt_rand(): max(-1) is smaller than min(0) E:\less1\phpstudy\PHPTutorial\WWW\project\App\Home\Controller\IndexController.class.php 第 14 行.
SQL: SELECT * FROM `books` LIMIT 2   [ RunTime:0.0010s ]
SQL: SELECT COUNT(*) AS tp_count FROM `books` RIGHT JOIN uinfomation ON books.UserID = uinfomation.UserID  WHERE ( uinfomation.sex=0 ) LIMIT 1   [ RunTime:0.0000s ]
NOTIC: [2] mt_rand(): max(-1) is smaller than min(0) E:\less1\phpstudy\PHPTutorial\WWW\project\App\Home\Controller\IndexController.class.php 第 22 行.
SQL: SELECT * FROM `books`  [ RunTime:0.0000s ]
SQL: SELECT COUNT(*) AS tp_count FROM `books` RIGHT JOIN comment ON books.BID = comment.BID  WHERE ( comment.LikeNum>20 ) LIMIT 1   [ RunTime:0.0010s ]
NOTIC: [2] mt_rand(): max(-1) is smaller than min(0) E:\less1\phpstudy\PHPTutorial\WWW\project\App\Home\Controller\IndexController.class.php 第 30 行.
SQL: SELECT * FROM `books`  [ RunTime:0.0000s ]
SQL: SELECT COUNT(*) AS tp_count FROM `books` RIGHT JOIN uinfomation ON books.UserID = uinfomation.UserID  WHERE ( uinfomation.sex=1 ) LIMIT 1   [ RunTime:0.0000s ]
NOTIC: [2] mt_rand(): max(-1) is smaller than min(0) E:\less1\phpstudy\PHPTutorial\WWW\project\App\Home\Controller\IndexController.class.php 第 38 行.
SQL: SELECT * FROM `books`  [ RunTime:0.0000s ]
SQL: SELECT COUNT(*) AS tp_count FROM `books` LIMIT 1   [ RunTime:0.0000s ]
SQL: SELECT * FROM `books` LIMIT 0,3   [ RunTime:0.0000s ]
INFO: [ view_parse ] --START--
INFO: [ template_filter ] --START--
INFO: Run Behavior\ContentReplaceBehavior [ RunTime:0.000000s ]
INFO: [ template_filter ] --END-- [ RunTime:0.000000s ]
INFO: Run Behavior\ParseTemplateBehavior [ RunTime:0.010001s ]
INFO: [ view_parse ] --END-- [ RunTime:0.011001s ]
INFO: [ view_filter ] --START--
INFO: Run Behavior\WriteHtmlCacheBehavior [ RunTime:0.001000s ]
INFO: [ view_filter ] --END-- [ RunTime:0.001000s ]
INFO: [ app_end ] --START--
INFO: Run Behavior\ShowPageTraceBehavior [ RunTime:0.001000s ]
INFO: [ app_end ] --END-- [ RunTime:0.001000s ]

[ 2018-07-10T20:42:53+08:00 ] ::1 /project/index.php
INFO: [ app_init ] --START--
INFO: Run Behavior\BuildLiteBehavior [ RunTime:0.000000s ]
INFO: [ app_init ] --END-- [ RunTime:0.001000s ]
INFO: [ app_begin ] --START--
INFO: Run Behavior\ReadHtmlCacheBehavior [ RunTime:0.002000s ]
INFO: [ app_begin ] --END-- [ RunTime:0.002000s ]
SQL: SHOW COLUMNS FROM `books` [ RunTime:0.0030s ]
SQL: SELECT COUNT(*) AS tp_count FROM `books` RIGHT JOIN comment ON books.BID = comment.BID  WHERE ( comment.LikeNum>10 ) LIMIT 1   [ RunTime:0.0000s ]
NOTIC: [2] mt_rand(): max(-1) is smaller than min(0) E:\less1\phpstudy\PHPTutorial\WWW\project\App\Home\Controller\IndexController.class.php 第 14 行.
NOTIC: [8] Undefined variable: tcount E:\less1\phpstudy\PHPTutorial\WWW\project\App\Home\Controller\IndexController.class.php 第 16 行.
ERR: Think\Controller:pageFunc方法不存在！

[ 2018-07-10T22:05:15+08:00 ] ::1 /project/index.php
INFO: [ app_init ] --START--
INFO: Run Behavior\BuildLiteBehavior [ RunTime:0.000000s ]
INFO: [ app_init ] --END-- [ RunTime:0.000000s ]
INFO: [ app_begin ] --START--
INFO: Run Behavior\ReadHtmlCacheBehavior [ RunTime:0.001000s ]
INFO: [ app_begin ] --END-- [ RunTime:0.001000s ]
SQL: SHOW COLUMNS FROM `books` [ RunTime:0.0050s ]
SQL: SELECT COUNT(*) AS tp_count FROM `books` RIGHT JOIN comment ON books.BID = comment.BID  WHERE ( comment.LikeNum>10 ) LIMIT 1   [ RunTime:0.0010s ]
NOTIC: [2] mt_rand(): max(-1) is smaller than min(0) E:\less1\phpstudy\PHPTutorial\WWW\project\App\Home\Controller\IndexController.class.php 第 14 行.
NOTIC: [8] Undefined variable: tcount E:\less1\phpstudy\PHPTutorial\WWW\project\App\Home\Controller\IndexController.class.php 第 16 行.
ERR: Think\Controller:pageFunc方法不存在！

