[ 2018-07-23T09:49:20+08:00 ] ::1 /project/index.php/Admin/Admin/index
INFO: [ app_init ] --START--
INFO: Run Behavior\BuildLiteBehavior [ RunTime:0.000000s ]
INFO: [ app_init ] --END-- [ RunTime:0.000000s ]
INFO: [ app_begin ] --START--
INFO: Run Behavior\ReadHtmlCacheBehavior [ RunTime:0.001000s ]
INFO: [ app_begin ] --END-- [ RunTime:0.001000s ]
INFO: [ view_parse ] --START--
INFO: [ template_filter ] --START--
INFO: Run Behavior\ContentReplaceBehavior [ RunTime:0.000000s ]
INFO: [ template_filter ] --END-- [ RunTime:0.000000s ]
INFO: Run Behavior\ParseTemplateBehavior [ RunTime:0.032002s ]
INFO: [ view_parse ] --END-- [ RunTime:0.032002s ]
INFO: [ view_filter ] --START--
INFO: Run Behavior\WriteHtmlCacheBehavior [ RunTime:0.013001s ]
INFO: [ view_filter ] --END-- [ RunTime:0.013001s ]

[ 2018-07-23T09:49:28+08:00 ] ::1 /project/index.php/Admin/Admin/login.html
INFO: [ app_init ] --START--
INFO: Run Behavior\BuildLiteBehavior [ RunTime:0.000000s ]
INFO: [ app_init ] --END-- [ RunTime:0.001000s ]
INFO: [ app_begin ] --START--
INFO: Run Behavior\ReadHtmlCacheBehavior [ RunTime:0.001000s ]
INFO: [ app_begin ] --END-- [ RunTime:0.001000s ]
INFO: [ view_parse ] --START--
INFO: [ template_filter ] --START--
INFO: Run Behavior\ContentReplaceBehavior [ RunTime:0.000000s ]
INFO: [ template_filter ] --END-- [ RunTime:0.000000s ]
INFO: Run Behavior\ParseTemplateBehavior [ RunTime:5.453312s ]
INFO: [ view_parse ] --END-- [ RunTime:5.453312s ]
INFO: [ view_filter ] --START--
INFO: Run Behavior\WriteHtmlCacheBehavior [ RunTime:0.000000s ]
INFO: [ view_filter ] --END-- [ RunTime:0.001000s ]
INFO: [ app_end ] --START--
INFO: Run Behavior\ShowPageTraceBehavior [ RunTime:1.032059s ]
INFO: [ app_end ] --END-- [ RunTime:1.032059s ]

[ 2018-07-23T09:49:30+08:00 ] ::1 /project/index.php/Admin/Admin/js/modernizr-2.6.2.min.js
INFO: [ app_init ] --START--
INFO: Run Behavior\BuildLiteBehavior [ RunTime:0.000000s ]
INFO: [ app_init ] --END-- [ RunTime:0.000000s ]
INFO: [ app_begin ] --START--
INFO: Run Behavior\ReadHtmlCacheBehavior [ RunTime:0.001000s ]
INFO: [ app_begin ] --END-- [ RunTime:0.001000s ]
ERR: 非法操作:js

[ 2018-07-23T10:06:45+08:00 ] ::1 /project/index.php/Admin/Admin/doLogin.html
INFO: [ app_init ] --START--
INFO: Run Behavior\BuildLiteBehavior [ RunTime:0.000000s ]
INFO: [ app_init ] --END-- [ RunTime:0.001000s ]
INFO: [ app_begin ] --START--
INFO: Run Behavior\ReadHtmlCacheBehavior [ RunTime:0.001000s ]
INFO: [ app_begin ] --END-- [ RunTime:0.001000s ]
SQL: SHOW COLUMNS FROM `admin` [ RunTime:0.0410s ]
SQL: SELECT * FROM `admin` WHERE `username` = 'admin' LIMIT 1   [ RunTime:0.0230s ]
INFO: [ view_parse ] --START--
INFO: [ template_filter ] --START--
INFO: Run Behavior\ContentReplaceBehavior [ RunTime:0.000000s ]
INFO: [ template_filter ] --END-- [ RunTime:0.000000s ]
INFO: Run Behavior\ParseTemplateBehavior [ RunTime:0.081004s ]
INFO: [ view_parse ] --END-- [ RunTime:0.081004s ]
INFO: [ view_filter ] --START--
INFO: Run Behavior\WriteHtmlCacheBehavior [ RunTime:0.000000s ]
INFO: [ view_filter ] --END-- [ RunTime:0.000000s ]
INFO: [ app_end ] --START--
INFO: Run Behavior\ShowPageTraceBehavior [ RunTime:0.001000s ]
INFO: [ app_end ] --END-- [ RunTime:0.001000s ]

[ 2018-07-23T10:06:46+08:00 ] ::1 /project/index.php/Admin/Admin/index.html
INFO: [ app_init ] --START--
INFO: Run Behavior\BuildLiteBehavior [ RunTime:0.000000s ]
INFO: [ app_init ] --END-- [ RunTime:0.001000s ]
INFO: [ app_begin ] --START--
INFO: Run Behavior\ReadHtmlCacheBehavior [ RunTime:0.000000s ]
INFO: [ app_begin ] --END-- [ RunTime:0.000000s ]
SQL: SHOW COLUMNS FROM `uinfomation` [ RunTime:0.0070s ]
SQL: SELECT COUNT(*) AS tp_count FROM `uinfomation` LIMIT 1   [ RunTime:0.0000s ]
SQL: SHOW COLUMNS FROM `books` [ RunTime:0.0040s ]
SQL: SELECT COUNT(*) AS tp_count FROM `books` LIMIT 1   [ RunTime:0.0000s ]
SQL: SHOW COLUMNS FROM `comment` [ RunTime:0.0040s ]
SQL: SELECT COUNT(*) AS tp_count FROM `comment` LIMIT 1   [ RunTime:0.0000s ]
SQL: SHOW COLUMNS FROM `digest` [ RunTime:0.0040s ]
SQL: SELECT COUNT(*) AS tp_count FROM `digest` LIMIT 1   [ RunTime:0.0010s ]
INFO: [ view_parse ] --START--
INFO: [ template_filter ] --START--
INFO: Run Behavior\ContentReplaceBehavior [ RunTime:0.000000s ]
INFO: [ template_filter ] --END-- [ RunTime:0.000000s ]
INFO: Run Behavior\ParseTemplateBehavior [ RunTime:0.096006s ]
INFO: [ view_parse ] --END-- [ RunTime:0.096006s ]
INFO: [ view_filter ] --START--
INFO: Run Behavior\WriteHtmlCacheBehavior [ RunTime:0.001000s ]
INFO: [ view_filter ] --END-- [ RunTime:0.001000s ]
INFO: [ app_end ] --START--
INFO: Run Behavior\ShowPageTraceBehavior [ RunTime:0.000000s ]
INFO: [ app_end ] --END-- [ RunTime:0.000000s ]

[ 2018-07-23T10:06:54+08:00 ] ::1 /project/index.php/Admin/Admin/userInfo.html
INFO: [ app_init ] --START--
INFO: Run Behavior\BuildLiteBehavior [ RunTime:0.000000s ]
INFO: [ app_init ] --END-- [ RunTime:0.000000s ]
INFO: [ app_begin ] --START--
INFO: Run Behavior\ReadHtmlCacheBehavior [ RunTime:0.000000s ]
INFO: [ app_begin ] --END-- [ RunTime:0.000000s ]
SQL: SHOW COLUMNS FROM `uinfomation` [ RunTime:0.0060s ]
SQL: SELECT COUNT(*) AS tp_count FROM `uinfomation` LIMIT 1   [ RunTime:0.0010s ]
SQL: SELECT * FROM `uinfomation` LIMIT 0,8   [ RunTime:0.0000s ]
INFO: [ view_parse ] --START--
INFO: [ template_filter ] --START--
INFO: Run Behavior\ContentReplaceBehavior [ RunTime:0.000000s ]
INFO: [ template_filter ] --END-- [ RunTime:0.000000s ]
NOTIC: [8] Use of undefined constant sex - assumed 'sex' E:\less1\phpstudy\PHPTutorial\WWW\project\App\Runtime\Cache\Admin\d8ce7c54836328eb611b996a7ec3d475.php 第 114 行.
NOTIC: [8] Array to string conversion E:\less1\phpstudy\PHPTutorial\WWW\project\App\Runtime\Cache\Admin\d8ce7c54836328eb611b996a7ec3d475.php 第 114 行.
NOTIC: [8] Use of undefined constant sex - assumed 'sex' E:\less1\phpstudy\PHPTutorial\WWW\project\App\Runtime\Cache\Admin\d8ce7c54836328eb611b996a7ec3d475.php 第 114 行.
NOTIC: [8] Array to string conversion E:\less1\phpstudy\PHPTutorial\WWW\project\App\Runtime\Cache\Admin\d8ce7c54836328eb611b996a7ec3d475.php 第 114 行.
NOTIC: [8] Use of undefined constant sex - assumed 'sex' E:\less1\phpstudy\PHPTutorial\WWW\project\App\Runtime\Cache\Admin\d8ce7c54836328eb611b996a7ec3d475.php 第 114 行.
NOTIC: [8] Array to string conversion E:\less1\phpstudy\PHPTutorial\WWW\project\App\Runtime\Cache\Admin\d8ce7c54836328eb611b996a7ec3d475.php 第 114 行.
NOTIC: [8] Use of undefined constant sex - assumed 'sex' E:\less1\phpstudy\PHPTutorial\WWW\project\App\Runtime\Cache\Admin\d8ce7c54836328eb611b996a7ec3d475.php 第 114 行.
NOTIC: [8] Array to string conversion E:\less1\phpstudy\PHPTutorial\WWW\project\App\Runtime\Cache\Admin\d8ce7c54836328eb611b996a7ec3d475.php 第 114 行.
NOTIC: [8] Use of undefined constant sex - assumed 'sex' E:\less1\phpstudy\PHPTutorial\WWW\project\App\Runtime\Cache\Admin\d8ce7c54836328eb611b996a7ec3d475.php 第 114 行.
NOTIC: [8] Array to string conversion E:\less1\phpstudy\PHPTutorial\WWW\project\App\Runtime\Cache\Admin\d8ce7c54836328eb611b996a7ec3d475.php 第 114 行.
NOTIC: [8] Use of undefined constant sex - assumed 'sex' E:\less1\phpstudy\PHPTutorial\WWW\project\App\Runtime\Cache\Admin\d8ce7c54836328eb611b996a7ec3d475.php 第 114 行.
NOTIC: [8] Array to string conversion E:\less1\phpstudy\PHPTutorial\WWW\project\App\Runtime\Cache\Admin\d8ce7c54836328eb611b996a7ec3d475.php 第 114 行.
NOTIC: [8] Use of undefined constant sex - assumed 'sex' E:\less1\phpstudy\PHPTutorial\WWW\project\App\Runtime\Cache\Admin\d8ce7c54836328eb611b996a7ec3d475.php 第 114 行.
NOTIC: [8] Array to string conversion E:\less1\phpstudy\PHPTutorial\WWW\project\App\Runtime\Cache\Admin\d8ce7c54836328eb611b996a7ec3d475.php 第 114 行.
NOTIC: [8] Use of undefined constant sex - assumed 'sex' E:\less1\phpstudy\PHPTutorial\WWW\project\App\Runtime\Cache\Admin\d8ce7c54836328eb611b996a7ec3d475.php 第 114 行.
NOTIC: [8] Array to string conversion E:\less1\phpstudy\PHPTutorial\WWW\project\App\Runtime\Cache\Admin\d8ce7c54836328eb611b996a7ec3d475.php 第 114 行.
INFO: Run Behavior\ParseTemplateBehavior [ RunTime:0.048003s ]
INFO: [ view_parse ] --END-- [ RunTime:0.048003s ]
INFO: [ view_filter ] --START--
INFO: Run Behavior\WriteHtmlCacheBehavior [ RunTime:0.000000s ]
INFO: [ view_filter ] --END-- [ RunTime:0.000000s ]
INFO: [ app_end ] --START--
INFO: Run Behavior\ShowPageTraceBehavior [ RunTime:0.000000s ]
INFO: [ app_end ] --END-- [ RunTime:0.000000s ]

[ 2018-07-23T10:06:58+08:00 ] ::1 /project/index.php/Admin/Admin/userInfoUpdate.html?id=2
INFO: [ app_init ] --START--
INFO: Run Behavior\BuildLiteBehavior [ RunTime:0.000000s ]
INFO: [ app_init ] --END-- [ RunTime:0.000000s ]
INFO: [ app_begin ] --START--
INFO: Run Behavior\ReadHtmlCacheBehavior [ RunTime:0.001000s ]
INFO: [ app_begin ] --END-- [ RunTime:0.001000s ]
SQL: SHOW COLUMNS FROM `uinfomation` [ RunTime:0.0040s ]
SQL: SELECT * FROM `uinfomation` WHERE ( userid=2 )  [ RunTime:0.0000s ]
INFO: [ view_parse ] --START--
INFO: [ template_filter ] --START--
INFO: Run Behavior\ContentReplaceBehavior [ RunTime:0.000000s ]
INFO: [ template_filter ] --END-- [ RunTime:0.000000s ]
INFO: Run Behavior\ParseTemplateBehavior [ RunTime:0.043002s ]
INFO: [ view_parse ] --END-- [ RunTime:0.043002s ]
INFO: [ view_filter ] --START--
INFO: Run Behavior\WriteHtmlCacheBehavior [ RunTime:0.000000s ]
INFO: [ view_filter ] --END-- [ RunTime:0.000000s ]
INFO: [ app_end ] --START--
INFO: Run Behavior\ShowPageTraceBehavior [ RunTime:0.001000s ]
INFO: [ app_end ] --END-- [ RunTime:0.001000s ]

[ 2018-07-23T10:07:01+08:00 ] ::1 /project/index.php/Admin/Admin/userInfo.html
INFO: [ app_init ] --START--
INFO: Run Behavior\BuildLiteBehavior [ RunTime:0.000000s ]
INFO: [ app_init ] --END-- [ RunTime:0.001000s ]
INFO: [ app_begin ] --START--
INFO: Run Behavior\ReadHtmlCacheBehavior [ RunTime:0.001000s ]
INFO: [ app_begin ] --END-- [ RunTime:0.001000s ]
SQL: SHOW COLUMNS FROM `uinfomation` [ RunTime:0.0040s ]
SQL: SELECT COUNT(*) AS tp_count FROM `uinfomation` LIMIT 1   [ RunTime:0.0000s ]
SQL: SELECT * FROM `uinfomation` LIMIT 0,8   [ RunTime:0.0000s ]
INFO: [ view_parse ] --START--
INFO: [ template_filter ] --START--
INFO: Run Behavior\ContentReplaceBehavior [ RunTime:0.000000s ]
INFO: [ template_filter ] --END-- [ RunTime:0.000000s ]
NOTIC: [8] Use of undefined constant sex - assumed 'sex' E:\less1\phpstudy\PHPTutorial\WWW\project\App\Runtime\Cache\Admin\d8ce7c54836328eb611b996a7ec3d475.php 第 114 行.
NOTIC: [8] Array to string conversion E:\less1\phpstudy\PHPTutorial\WWW\project\App\Runtime\Cache\Admin\d8ce7c54836328eb611b996a7ec3d475.php 第 114 行.
NOTIC: [8] Use of undefined constant sex - assumed 'sex' E:\less1\phpstudy\PHPTutorial\WWW\project\App\Runtime\Cache\Admin\d8ce7c54836328eb611b996a7ec3d475.php 第 114 行.
NOTIC: [8] Array to string conversion E:\less1\phpstudy\PHPTutorial\WWW\project\App\Runtime\Cache\Admin\d8ce7c54836328eb611b996a7ec3d475.php 第 114 行.
NOTIC: [8] Use of undefined constant sex - assumed 'sex' E:\less1\phpstudy\PHPTutorial\WWW\project\App\Runtime\Cache\Admin\d8ce7c54836328eb611b996a7ec3d475.php 第 114 行.
NOTIC: [8] Array to string conversion E:\less1\phpstudy\PHPTutorial\WWW\project\App\Runtime\Cache\Admin\d8ce7c54836328eb611b996a7ec3d475.php 第 114 行.
NOTIC: [8] Use of undefined constant sex - assumed 'sex' E:\less1\phpstudy\PHPTutorial\WWW\project\App\Runtime\Cache\Admin\d8ce7c54836328eb611b996a7ec3d475.php 第 114 行.
NOTIC: [8] Array to string conversion E:\less1\phpstudy\PHPTutorial\WWW\project\App\Runtime\Cache\Admin\d8ce7c54836328eb611b996a7ec3d475.php 第 114 行.
NOTIC: [8] Use of undefined constant sex - assumed 'sex' E:\less1\phpstudy\PHPTutorial\WWW\project\App\Runtime\Cache\Admin\d8ce7c54836328eb611b996a7ec3d475.php 第 114 行.
NOTIC: [8] Array to string conversion E:\less1\phpstudy\PHPTutorial\WWW\project\App\Runtime\Cache\Admin\d8ce7c54836328eb611b996a7ec3d475.php 第 114 行.
NOTIC: [8] Use of undefined constant sex - assumed 'sex' E:\less1\phpstudy\PHPTutorial\WWW\project\App\Runtime\Cache\Admin\d8ce7c54836328eb611b996a7ec3d475.php 第 114 行.
NOTIC: [8] Array to string conversion E:\less1\phpstudy\PHPTutorial\WWW\project\App\Runtime\Cache\Admin\d8ce7c54836328eb611b996a7ec3d475.php 第 114 行.
NOTIC: [8] Use of undefined constant sex - assumed 'sex' E:\less1\phpstudy\PHPTutorial\WWW\project\App\Runtime\Cache\Admin\d8ce7c54836328eb611b996a7ec3d475.php 第 114 行.
NOTIC: [8] Array to string conversion E:\less1\phpstudy\PHPTutorial\WWW\project\App\Runtime\Cache\Admin\d8ce7c54836328eb611b996a7ec3d475.php 第 114 行.
NOTIC: [8] Use of undefined constant sex - assumed 'sex' E:\less1\phpstudy\PHPTutorial\WWW\project\App\Runtime\Cache\Admin\d8ce7c54836328eb611b996a7ec3d475.php 第 114 行.
NOTIC: [8] Array to string conversion E:\less1\phpstudy\PHPTutorial\WWW\project\App\Runtime\Cache\Admin\d8ce7c54836328eb611b996a7ec3d475.php 第 114 行.
INFO: Run Behavior\ParseTemplateBehavior [ RunTime:0.009001s ]
INFO: [ view_parse ] --END-- [ RunTime:0.009001s ]
INFO: [ view_filter ] --START--
INFO: Run Behavior\WriteHtmlCacheBehavior [ RunTime:0.000000s ]
INFO: [ view_filter ] --END-- [ RunTime:0.000000s ]
INFO: [ app_end ] --START--
INFO: Run Behavior\ShowPageTraceBehavior [ RunTime:0.000000s ]
INFO: [ app_end ] --END-- [ RunTime:0.000000s ]

[ 2018-07-23T10:07:03+08:00 ] ::1 /project/index.php/Admin/Admin/userInfo/p/2.html
INFO: [ app_init ] --START--
INFO: Run Behavior\BuildLiteBehavior [ RunTime:0.000000s ]
INFO: [ app_init ] --END-- [ RunTime:0.001000s ]
INFO: [ app_begin ] --START--
INFO: Run Behavior\ReadHtmlCacheBehavior [ RunTime:0.000000s ]
INFO: [ app_begin ] --END-- [ RunTime:0.000000s ]
SQL: SHOW COLUMNS FROM `uinfomation` [ RunTime:0.0040s ]
SQL: SELECT COUNT(*) AS tp_count FROM `uinfomation` LIMIT 1   [ RunTime:0.0000s ]
SQL: SELECT * FROM `uinfomation` LIMIT 8,8   [ RunTime:0.0010s ]
INFO: [ view_parse ] --START--
INFO: [ template_filter ] --START--
INFO: Run Behavior\ContentReplaceBehavior [ RunTime:0.000000s ]
INFO: [ template_filter ] --END-- [ RunTime:0.000000s ]
NOTIC: [8] Use of undefined constant sex - assumed 'sex' E:\less1\phpstudy\PHPTutorial\WWW\project\App\Runtime\Cache\Admin\d8ce7c54836328eb611b996a7ec3d475.php 第 114 行.
NOTIC: [8] Array to string conversion E:\less1\phpstudy\PHPTutorial\WWW\project\App\Runtime\Cache\Admin\d8ce7c54836328eb611b996a7ec3d475.php 第 114 行.
NOTIC: [8] Use of undefined constant sex - assumed 'sex' E:\less1\phpstudy\PHPTutorial\WWW\project\App\Runtime\Cache\Admin\d8ce7c54836328eb611b996a7ec3d475.php 第 114 行.
NOTIC: [8] Array to string conversion E:\less1\phpstudy\PHPTutorial\WWW\project\App\Runtime\Cache\Admin\d8ce7c54836328eb611b996a7ec3d475.php 第 114 行.
NOTIC: [8] Use of undefined constant sex - assumed 'sex' E:\less1\phpstudy\PHPTutorial\WWW\project\App\Runtime\Cache\Admin\d8ce7c54836328eb611b996a7ec3d475.php 第 114 行.
NOTIC: [8] Array to string conversion E:\less1\phpstudy\PHPTutorial\WWW\project\App\Runtime\Cache\Admin\d8ce7c54836328eb611b996a7ec3d475.php 第 114 行.
NOTIC: [8] Use of undefined constant sex - assumed 'sex' E:\less1\phpstudy\PHPTutorial\WWW\project\App\Runtime\Cache\Admin\d8ce7c54836328eb611b996a7ec3d475.php 第 114 行.
NOTIC: [8] Array to string conversion E:\less1\phpstudy\PHPTutorial\WWW\project\App\Runtime\Cache\Admin\d8ce7c54836328eb611b996a7ec3d475.php 第 114 行.
NOTIC: [8] Use of undefined constant sex - assumed 'sex' E:\less1\phpstudy\PHPTutorial\WWW\project\App\Runtime\Cache\Admin\d8ce7c54836328eb611b996a7ec3d475.php 第 114 行.
NOTIC: [8] Array to string conversion E:\less1\phpstudy\PHPTutorial\WWW\project\App\Runtime\Cache\Admin\d8ce7c54836328eb611b996a7ec3d475.php 第 114 行.
NOTIC: [8] Use of undefined constant sex - assumed 'sex' E:\less1\phpstudy\PHPTutorial\WWW\project\App\Runtime\Cache\Admin\d8ce7c54836328eb611b996a7ec3d475.php 第 114 行.
NOTIC: [8] Array to string conversion E:\less1\phpstudy\PHPTutorial\WWW\project\App\Runtime\Cache\Admin\d8ce7c54836328eb611b996a7ec3d475.php 第 114 行.
NOTIC: [8] Use of undefined constant sex - assumed 'sex' E:\less1\phpstudy\PHPTutorial\WWW\project\App\Runtime\Cache\Admin\d8ce7c54836328eb611b996a7ec3d475.php 第 114 行.
NOTIC: [8] Array to string conversion E:\less1\phpstudy\PHPTutorial\WWW\project\App\Runtime\Cache\Admin\d8ce7c54836328eb611b996a7ec3d475.php 第 114 行.
NOTIC: [8] Use of undefined constant sex - assumed 'sex' E:\less1\phpstudy\PHPTutorial\WWW\project\App\Runtime\Cache\Admin\d8ce7c54836328eb611b996a7ec3d475.php 第 114 行.
NOTIC: [8] Array to string conversion E:\less1\phpstudy\PHPTutorial\WWW\project\App\Runtime\Cache\Admin\d8ce7c54836328eb611b996a7ec3d475.php 第 114 行.
INFO: Run Behavior\ParseTemplateBehavior [ RunTime:0.010001s ]
INFO: [ view_parse ] --END-- [ RunTime:0.010001s ]
INFO: [ view_filter ] --START--
INFO: Run Behavior\WriteHtmlCacheBehavior [ RunTime:0.000000s ]
INFO: [ view_filter ] --END-- [ RunTime:0.000000s ]
INFO: [ app_end ] --START--
INFO: Run Behavior\ShowPageTraceBehavior [ RunTime:0.001000s ]
INFO: [ app_end ] --END-- [ RunTime:0.001000s ]

[ 2018-07-23T10:07:05+08:00 ] ::1 /project/index.php/Admin/Admin/userInfo/p/1.html
INFO: [ app_init ] --START--
INFO: Run Behavior\BuildLiteBehavior [ RunTime:0.000000s ]
INFO: [ app_init ] --END-- [ RunTime:0.000000s ]
INFO: [ app_begin ] --START--
INFO: Run Behavior\ReadHtmlCacheBehavior [ RunTime:0.001000s ]
INFO: [ app_begin ] --END-- [ RunTime:0.001000s ]
SQL: SHOW COLUMNS FROM `uinfomation` [ RunTime:0.0050s ]
SQL: SELECT COUNT(*) AS tp_count FROM `uinfomation` LIMIT 1   [ RunTime:0.0010s ]
SQL: SELECT * FROM `uinfomation` LIMIT 0,8   [ RunTime:0.0010s ]
INFO: [ view_parse ] --START--
INFO: [ template_filter ] --START--
INFO: Run Behavior\ContentReplaceBehavior [ RunTime:0.001000s ]
INFO: [ template_filter ] --END-- [ RunTime:0.001000s ]
NOTIC: [8] Use of undefined constant sex - assumed 'sex' E:\less1\phpstudy\PHPTutorial\WWW\project\App\Runtime\Cache\Admin\d8ce7c54836328eb611b996a7ec3d475.php 第 114 行.
NOTIC: [8] Array to string conversion E:\less1\phpstudy\PHPTutorial\WWW\project\App\Runtime\Cache\Admin\d8ce7c54836328eb611b996a7ec3d475.php 第 114 行.
NOTIC: [8] Use of undefined constant sex - assumed 'sex' E:\less1\phpstudy\PHPTutorial\WWW\project\App\Runtime\Cache\Admin\d8ce7c54836328eb611b996a7ec3d475.php 第 114 行.
NOTIC: [8] Array to string conversion E:\less1\phpstudy\PHPTutorial\WWW\project\App\Runtime\Cache\Admin\d8ce7c54836328eb611b996a7ec3d475.php 第 114 行.
NOTIC: [8] Use of undefined constant sex - assumed 'sex' E:\less1\phpstudy\PHPTutorial\WWW\project\App\Runtime\Cache\Admin\d8ce7c54836328eb611b996a7ec3d475.php 第 114 行.
NOTIC: [8] Array to string conversion E:\less1\phpstudy\PHPTutorial\WWW\project\App\Runtime\Cache\Admin\d8ce7c54836328eb611b996a7ec3d475.php 第 114 行.
NOTIC: [8] Use of undefined constant sex - assumed 'sex' E:\less1\phpstudy\PHPTutorial\WWW\project\App\Runtime\Cache\Admin\d8ce7c54836328eb611b996a7ec3d475.php 第 114 行.
NOTIC: [8] Array to string conversion E:\less1\phpstudy\PHPTutorial\WWW\project\App\Runtime\Cache\Admin\d8ce7c54836328eb611b996a7ec3d475.php 第 114 行.
NOTIC: [8] Use of undefined constant sex - assumed 'sex' E:\less1\phpstudy\PHPTutorial\WWW\project\App\Runtime\Cache\Admin\d8ce7c54836328eb611b996a7ec3d475.php 第 114 行.
NOTIC: [8] Array to string conversion E:\less1\phpstudy\PHPTutorial\WWW\project\App\Runtime\Cache\Admin\d8ce7c54836328eb611b996a7ec3d475.php 第 114 行.
NOTIC: [8] Use of undefined constant sex - assumed 'sex' E:\less1\phpstudy\PHPTutorial\WWW\project\App\Runtime\Cache\Admin\d8ce7c54836328eb611b996a7ec3d475.php 第 114 行.
NOTIC: [8] Array to string conversion E:\less1\phpstudy\PHPTutorial\WWW\project\App\Runtime\Cache\Admin\d8ce7c54836328eb611b996a7ec3d475.php 第 114 行.
NOTIC: [8] Use of undefined constant sex - assumed 'sex' E:\less1\phpstudy\PHPTutorial\WWW\project\App\Runtime\Cache\Admin\d8ce7c54836328eb611b996a7ec3d475.php 第 114 行.
NOTIC: [8] Array to string conversion E:\less1\phpstudy\PHPTutorial\WWW\project\App\Runtime\Cache\Admin\d8ce7c54836328eb611b996a7ec3d475.php 第 114 行.
NOTIC: [8] Use of undefined constant sex - assumed 'sex' E:\less1\phpstudy\PHPTutorial\WWW\project\App\Runtime\Cache\Admin\d8ce7c54836328eb611b996a7ec3d475.php 第 114 行.
NOTIC: [8] Array to string conversion E:\less1\phpstudy\PHPTutorial\WWW\project\App\Runtime\Cache\Admin\d8ce7c54836328eb611b996a7ec3d475.php 第 114 行.
INFO: Run Behavior\ParseTemplateBehavior [ RunTime:0.011001s ]
INFO: [ view_parse ] --END-- [ RunTime:0.011001s ]
INFO: [ view_filter ] --START--
INFO: Run Behavior\WriteHtmlCacheBehavior [ RunTime:0.000000s ]
INFO: [ view_filter ] --END-- [ RunTime:0.000000s ]
INFO: [ app_end ] --START--
INFO: Run Behavior\ShowPageTraceBehavior [ RunTime:0.001000s ]
INFO: [ app_end ] --END-- [ RunTime:0.001000s ]

[ 2018-07-23T10:07:06+08:00 ] ::1 /project/index.php/Admin/Admin/authorInfo.html
INFO: [ app_init ] --START--
INFO: Run Behavior\BuildLiteBehavior [ RunTime:0.000000s ]
INFO: [ app_init ] --END-- [ RunTime:0.001000s ]
INFO: [ app_begin ] --START--
INFO: Run Behavior\ReadHtmlCacheBehavior [ RunTime:0.001001s ]
INFO: [ app_begin ] --END-- [ RunTime:0.001001s ]
SQL: SHOW COLUMNS FROM `uinfomation` [ RunTime:0.0040s ]
SQL: SELECT * FROM `uinfomation` INNER JOIN books ON uinfomation.userid = books.userid  GROUP BY books.userid  [ RunTime:0.1720s ]
SQL: SELECT * FROM `uinfomation` INNER JOIN books ON uinfomation.userid = books.userid  GROUP BY books.userid LIMIT 0,5   [ RunTime:0.0010s ]
INFO: [ view_parse ] --START--
INFO: [ template_filter ] --START--
INFO: Run Behavior\ContentReplaceBehavior [ RunTime:0.000000s ]
INFO: [ template_filter ] --END-- [ RunTime:0.001000s ]
INFO: Run Behavior\ParseTemplateBehavior [ RunTime:0.030001s ]
INFO: [ view_parse ] --END-- [ RunTime:0.030001s ]
INFO: [ view_filter ] --START--
INFO: Run Behavior\WriteHtmlCacheBehavior [ RunTime:0.001000s ]
INFO: [ view_filter ] --END-- [ RunTime:0.001000s ]
INFO: [ app_end ] --START--
INFO: Run Behavior\ShowPageTraceBehavior [ RunTime:0.000000s ]
INFO: [ app_end ] --END-- [ RunTime:0.000000s ]

[ 2018-07-23T10:07:08+08:00 ] ::1 /project/index.php/Admin/Admin/test
INFO: [ app_init ] --START--
INFO: Run Behavior\BuildLiteBehavior [ RunTime:0.000000s ]
INFO: [ app_init ] --END-- [ RunTime:0.000000s ]
INFO: [ app_begin ] --START--
INFO: Run Behavior\ReadHtmlCacheBehavior [ RunTime:0.000000s ]
INFO: [ app_begin ] --END-- [ RunTime:0.000000s ]
SQL: SHOW COLUMNS FROM `books` [ RunTime:0.0040s ]
SQL: SELECT `userid`,`bookName` FROM `books` WHERE ( userid=2 )  [ RunTime:0.0000s ]

[ 2018-07-23T10:07:13+08:00 ] ::1 /project/index.php/Admin/Admin/authorInfoUpdate.html?id=2
INFO: [ app_init ] --START--
INFO: Run Behavior\BuildLiteBehavior [ RunTime:0.000000s ]
INFO: [ app_init ] --END-- [ RunTime:0.001000s ]
INFO: [ app_begin ] --START--
INFO: Run Behavior\ReadHtmlCacheBehavior [ RunTime:0.001000s ]
INFO: [ app_begin ] --END-- [ RunTime:0.001000s ]
SQL: SHOW COLUMNS FROM `uinfomation` [ RunTime:0.0060s ]
SQL: SELECT `userid`,`name` FROM `uinfomation` WHERE ( userid=2 )  [ RunTime:0.0010s ]
INFO: [ view_parse ] --START--
INFO: [ template_filter ] --START--
INFO: Run Behavior\ContentReplaceBehavior [ RunTime:0.000000s ]
INFO: [ template_filter ] --END-- [ RunTime:0.000000s ]
INFO: Run Behavior\ParseTemplateBehavior [ RunTime:0.074005s ]
INFO: [ view_parse ] --END-- [ RunTime:0.074005s ]
INFO: [ view_filter ] --START--
INFO: Run Behavior\WriteHtmlCacheBehavior [ RunTime:0.001000s ]
INFO: [ view_filter ] --END-- [ RunTime:0.001000s ]
INFO: [ app_end ] --START--
INFO: Run Behavior\ShowPageTraceBehavior [ RunTime:0.000000s ]
INFO: [ app_end ] --END-- [ RunTime:0.001000s ]

[ 2018-07-23T10:07:15+08:00 ] ::1 /project/index.php/Admin/Admin/authorInfo.html
INFO: [ app_init ] --START--
INFO: Run Behavior\BuildLiteBehavior [ RunTime:0.000000s ]
INFO: [ app_init ] --END-- [ RunTime:0.001000s ]
INFO: [ app_begin ] --START--
INFO: Run Behavior\ReadHtmlCacheBehavior [ RunTime:0.000000s ]
INFO: [ app_begin ] --END-- [ RunTime:0.000000s ]
SQL: SHOW COLUMNS FROM `uinfomation` [ RunTime:0.0040s ]
SQL: SELECT * FROM `uinfomation` INNER JOIN books ON uinfomation.userid = books.userid  GROUP BY books.userid  [ RunTime:0.0050s ]
SQL: SELECT * FROM `uinfomation` INNER JOIN books ON uinfomation.userid = books.userid  GROUP BY books.userid LIMIT 0,5   [ RunTime:0.0010s ]
INFO: [ view_parse ] --START--
INFO: [ template_filter ] --START--
INFO: Run Behavior\ContentReplaceBehavior [ RunTime:0.000000s ]
INFO: [ template_filter ] --END-- [ RunTime:0.000000s ]
INFO: Run Behavior\ParseTemplateBehavior [ RunTime:0.010001s ]
INFO: [ view_parse ] --END-- [ RunTime:0.010001s ]
INFO: [ view_filter ] --START--
INFO: Run Behavior\WriteHtmlCacheBehavior [ RunTime:0.000000s ]
INFO: [ view_filter ] --END-- [ RunTime:0.000000s ]
INFO: [ app_end ] --START--
INFO: Run Behavior\ShowPageTraceBehavior [ RunTime:0.001000s ]
INFO: [ app_end ] --END-- [ RunTime:0.001000s ]

[ 2018-07-23T10:07:16+08:00 ] ::1 /project/index.php/Admin/Admin/authorInfo/p/2.html
INFO: [ app_init ] --START--
INFO: Run Behavior\BuildLiteBehavior [ RunTime:0.000000s ]
INFO: [ app_init ] --END-- [ RunTime:0.001000s ]
INFO: [ app_begin ] --START--
INFO: Run Behavior\ReadHtmlCacheBehavior [ RunTime:0.001000s ]
INFO: [ app_begin ] --END-- [ RunTime:0.001000s ]
SQL: SHOW COLUMNS FROM `uinfomation` [ RunTime:0.0050s ]
SQL: SELECT * FROM `uinfomation` INNER JOIN books ON uinfomation.userid = books.userid  GROUP BY books.userid  [ RunTime:0.0060s ]
SQL: SELECT * FROM `uinfomation` INNER JOIN books ON uinfomation.userid = books.userid  GROUP BY books.userid LIMIT 5,5   [ RunTime:0.0000s ]
INFO: [ view_parse ] --START--
INFO: [ template_filter ] --START--
INFO: Run Behavior\ContentReplaceBehavior [ RunTime:0.000000s ]
INFO: [ template_filter ] --END-- [ RunTime:0.000000s ]
INFO: Run Behavior\ParseTemplateBehavior [ RunTime:0.010001s ]
INFO: [ view_parse ] --END-- [ RunTime:0.010001s ]
INFO: [ view_filter ] --START--
INFO: Run Behavior\WriteHtmlCacheBehavior [ RunTime:0.000000s ]
INFO: [ view_filter ] --END-- [ RunTime:0.000000s ]
INFO: [ app_end ] --START--
INFO: Run Behavior\ShowPageTraceBehavior [ RunTime:0.001000s ]
INFO: [ app_end ] --END-- [ RunTime:0.001000s ]

[ 2018-07-23T10:07:19+08:00 ] ::1 /project/index.php/Admin/Admin/bookInfo.html
INFO: [ app_init ] --START--
INFO: Run Behavior\BuildLiteBehavior [ RunTime:0.000000s ]
INFO: [ app_init ] --END-- [ RunTime:0.000000s ]
INFO: [ app_begin ] --START--
INFO: Run Behavior\ReadHtmlCacheBehavior [ RunTime:0.002000s ]
INFO: [ app_begin ] --END-- [ RunTime:0.002000s ]
SQL: SHOW COLUMNS FROM `books` [ RunTime:0.0070s ]
SQL: SELECT * FROM `books` left join uinfomation on  books.userid = uinfomation.userid  WHERE ( status=1 )  [ RunTime:0.0030s ]
SQL: SELECT * FROM `books` left join uinfomation on  books.userid = uinfomation.userid  WHERE ( status=1 ) LIMIT 0,5   [ RunTime:0.0010s ]
INFO: [ view_parse ] --START--
INFO: [ template_filter ] --START--
INFO: Run Behavior\ContentReplaceBehavior [ RunTime:0.001000s ]
INFO: [ template_filter ] --END-- [ RunTime:0.001000s ]
INFO: Run Behavior\ParseTemplateBehavior [ RunTime:0.065004s ]
INFO: [ view_parse ] --END-- [ RunTime:0.065004s ]
INFO: [ view_filter ] --START--
INFO: Run Behavior\WriteHtmlCacheBehavior [ RunTime:0.000000s ]
INFO: [ view_filter ] --END-- [ RunTime:0.000000s ]
INFO: [ app_end ] --START--
INFO: Run Behavior\ShowPageTraceBehavior [ RunTime:0.000000s ]
INFO: [ app_end ] --END-- [ RunTime:0.000000s ]

[ 2018-07-23T10:07:22+08:00 ] ::1 /project/index.php/Admin/Admin/bookRead.html?bid=5
INFO: [ app_init ] --START--
INFO: Run Behavior\BuildLiteBehavior [ RunTime:0.000000s ]
INFO: [ app_init ] --END-- [ RunTime:0.000000s ]
INFO: [ app_begin ] --START--
INFO: Run Behavior\ReadHtmlCacheBehavior [ RunTime:0.001000s ]
INFO: [ app_begin ] --END-- [ RunTime:0.001000s ]
SQL: SHOW COLUMNS FROM `books` [ RunTime:0.0040s ]
SQL: SELECT `content`,`bid`,`bookName` FROM `books` WHERE ( bid=5 )  [ RunTime:0.0000s ]
INFO: [ view_parse ] --START--
INFO: [ template_filter ] --START--
INFO: Run Behavior\ContentReplaceBehavior [ RunTime:0.000000s ]
INFO: [ template_filter ] --END-- [ RunTime:0.000000s ]
INFO: Run Behavior\ParseTemplateBehavior [ RunTime:0.023002s ]
INFO: [ view_parse ] --END-- [ RunTime:0.023002s ]
INFO: [ view_filter ] --START--
INFO: Run Behavior\WriteHtmlCacheBehavior [ RunTime:0.000000s ]
INFO: [ view_filter ] --END-- [ RunTime:0.000000s ]
INFO: [ app_end ] --START--
INFO: Run Behavior\ShowPageTraceBehavior [ RunTime:0.001000s ]
INFO: [ app_end ] --END-- [ RunTime:0.001000s ]

[ 2018-07-23T10:07:25+08:00 ] ::1 /project/index.php/Admin/Admin/bookRead.html?bid=9
INFO: [ app_init ] --START--
INFO: Run Behavior\BuildLiteBehavior [ RunTime:0.000000s ]
INFO: [ app_init ] --END-- [ RunTime:0.001000s ]
INFO: [ app_begin ] --START--
INFO: Run Behavior\ReadHtmlCacheBehavior [ RunTime:0.000000s ]
INFO: [ app_begin ] --END-- [ RunTime:0.001000s ]
SQL: SHOW COLUMNS FROM `books` [ RunTime:0.0060s ]
SQL: SELECT `content`,`bid`,`bookName` FROM `books` WHERE ( bid=9 )  [ RunTime:0.0000s ]
INFO: [ view_parse ] --START--
INFO: [ template_filter ] --START--
INFO: Run Behavior\ContentReplaceBehavior [ RunTime:0.000000s ]
INFO: [ template_filter ] --END-- [ RunTime:0.000000s ]
INFO: Run Behavior\ParseTemplateBehavior [ RunTime:0.013001s ]
INFO: [ view_parse ] --END-- [ RunTime:0.013001s ]
INFO: [ view_filter ] --START--
INFO: Run Behavior\WriteHtmlCacheBehavior [ RunTime:0.001000s ]
INFO: [ view_filter ] --END-- [ RunTime:0.002000s ]
INFO: [ app_end ] --START--
INFO: Run Behavior\ShowPageTraceBehavior [ RunTime:0.003000s ]
INFO: [ app_end ] --END-- [ RunTime:0.003000s ]

[ 2018-07-23T10:07:33+08:00 ] ::1 /project/index.php/Admin/Admin/bookInfoUpdate.html?id=5
INFO: [ app_init ] --START--
INFO: Run Behavior\BuildLiteBehavior [ RunTime:0.000000s ]
INFO: [ app_init ] --END-- [ RunTime:0.001000s ]
INFO: [ app_begin ] --START--
INFO: Run Behavior\ReadHtmlCacheBehavior [ RunTime:0.000000s ]
INFO: [ app_begin ] --END-- [ RunTime:0.000000s ]
SQL: SHOW COLUMNS FROM `books` [ RunTime:0.0040s ]
SQL: SELECT * FROM `books` WHERE ( bid=5 )  [ RunTime:0.0000s ]
INFO: [ view_parse ] --START--
INFO: [ template_filter ] --START--
INFO: Run Behavior\ContentReplaceBehavior [ RunTime:0.000000s ]
INFO: [ template_filter ] --END-- [ RunTime:0.000000s ]
INFO: Run Behavior\ParseTemplateBehavior [ RunTime:0.045002s ]
INFO: [ view_parse ] --END-- [ RunTime:0.045002s ]
INFO: [ view_filter ] --START--
INFO: Run Behavior\WriteHtmlCacheBehavior [ RunTime:0.000000s ]
INFO: [ view_filter ] --END-- [ RunTime:0.000000s ]
INFO: [ app_end ] --START--
INFO: Run Behavior\ShowPageTraceBehavior [ RunTime:0.001000s ]
INFO: [ app_end ] --END-- [ RunTime:0.001000s ]

[ 2018-07-23T10:07:42+08:00 ] ::1 /project/index.php/Admin/Admin/booksCheck.html
INFO: [ app_init ] --START--
INFO: Run Behavior\BuildLiteBehavior [ RunTime:0.000000s ]
INFO: [ app_init ] --END-- [ RunTime:0.000000s ]
INFO: [ app_begin ] --START--
INFO: Run Behavior\ReadHtmlCacheBehavior [ RunTime:0.002000s ]
INFO: [ app_begin ] --END-- [ RunTime:0.002000s ]
SQL: SHOW COLUMNS FROM `books` [ RunTime:0.0040s ]
SQL: SELECT * FROM `books` left join uinfomation on  books.userid = uinfomation.userid  WHERE ( Status=0 )  [ RunTime:0.0010s ]
SQL: SELECT * FROM `books` left join uinfomation on  books.userid = uinfomation.userid  WHERE ( Status=0 ) LIMIT 0,5   [ RunTime:0.0000s ]
INFO: [ view_parse ] --START--
INFO: [ template_filter ] --START--
INFO: Run Behavior\ContentReplaceBehavior [ RunTime:0.001000s ]
INFO: [ template_filter ] --END-- [ RunTime:0.001000s ]
INFO: Run Behavior\ParseTemplateBehavior [ RunTime:0.041002s ]
INFO: [ view_parse ] --END-- [ RunTime:0.041002s ]
INFO: [ view_filter ] --START--
INFO: Run Behavior\WriteHtmlCacheBehavior [ RunTime:0.000000s ]
INFO: [ view_filter ] --END-- [ RunTime:0.000000s ]
INFO: [ app_end ] --START--
INFO: Run Behavior\ShowPageTraceBehavior [ RunTime:0.001000s ]
INFO: [ app_end ] --END-- [ RunTime:0.001000s ]

[ 2018-07-23T10:07:54+08:00 ] ::1 /project/index.php/Admin/Admin/reportAudit.html
INFO: [ app_init ] --START--
INFO: Run Behavior\BuildLiteBehavior [ RunTime:0.000000s ]
INFO: [ app_init ] --END-- [ RunTime:0.001000s ]
INFO: [ app_begin ] --START--
INFO: Run Behavior\ReadHtmlCacheBehavior [ RunTime:0.001000s ]
INFO: [ app_begin ] --END-- [ RunTime:0.001000s ]
SQL: SHOW COLUMNS FROM `comment` [ RunTime:0.0030s ]
SQL: SELECT * FROM `comment` left join uinfomation on  comment.uid = uinfomation.userid  WHERE ( status=1 )  [ RunTime:0.0000s ]
SQL: SELECT * FROM `comment` left join uinfomation on  comment.uid = uinfomation.userid  WHERE ( status=1 ) LIMIT 0,5   [ RunTime:0.0010s ]
INFO: [ view_parse ] --START--
INFO: [ template_filter ] --START--
INFO: Run Behavior\ContentReplaceBehavior [ RunTime:0.001000s ]
INFO: [ template_filter ] --END-- [ RunTime:0.001000s ]
INFO: Run Behavior\ParseTemplateBehavior [ RunTime:0.120007s ]
INFO: [ view_parse ] --END-- [ RunTime:0.120007s ]
INFO: [ view_filter ] --START--
INFO: Run Behavior\WriteHtmlCacheBehavior [ RunTime:0.000000s ]
INFO: [ view_filter ] --END-- [ RunTime:0.000000s ]
INFO: [ app_end ] --START--
INFO: Run Behavior\ShowPageTraceBehavior [ RunTime:0.001000s ]
INFO: [ app_end ] --END-- [ RunTime:0.001000s ]

[ 2018-07-23T10:08:03+08:00 ] ::1 /project/index.php/Admin/Admin/reportAudit/p/2.html
INFO: [ app_init ] --START--
INFO: Run Behavior\BuildLiteBehavior [ RunTime:0.000000s ]
INFO: [ app_init ] --END-- [ RunTime:0.001000s ]
INFO: [ app_begin ] --START--
INFO: Run Behavior\ReadHtmlCacheBehavior [ RunTime:0.001001s ]
INFO: [ app_begin ] --END-- [ RunTime:0.001001s ]
SQL: SHOW COLUMNS FROM `comment` [ RunTime:0.0050s ]
SQL: SELECT * FROM `comment` left join uinfomation on  comment.uid = uinfomation.userid  WHERE ( status=1 )  [ RunTime:0.0010s ]
SQL: SELECT * FROM `comment` left join uinfomation on  comment.uid = uinfomation.userid  WHERE ( status=1 ) LIMIT 5,5   [ RunTime:0.0010s ]
INFO: [ view_parse ] --START--
INFO: [ template_filter ] --START--
INFO: Run Behavior\ContentReplaceBehavior [ RunTime:0.000000s ]
INFO: [ template_filter ] --END-- [ RunTime:0.000000s ]
INFO: Run Behavior\ParseTemplateBehavior [ RunTime:0.011000s ]
INFO: [ view_parse ] --END-- [ RunTime:0.011000s ]
INFO: [ view_filter ] --START--
INFO: Run Behavior\WriteHtmlCacheBehavior [ RunTime:0.000000s ]
INFO: [ view_filter ] --END-- [ RunTime:0.000000s ]
INFO: [ app_end ] --START--
INFO: Run Behavior\ShowPageTraceBehavior [ RunTime:0.001000s ]
INFO: [ app_end ] --END-- [ RunTime:0.001000s ]

[ 2018-07-23T10:08:05+08:00 ] ::1 /project/index.php/Admin/Admin/reportAudit/p/1.html
INFO: [ app_init ] --START--
INFO: Run Behavior\BuildLiteBehavior [ RunTime:0.000000s ]
INFO: [ app_init ] --END-- [ RunTime:0.000000s ]
INFO: [ app_begin ] --START--
INFO: Run Behavior\ReadHtmlCacheBehavior [ RunTime:0.000000s ]
INFO: [ app_begin ] --END-- [ RunTime:0.000000s ]
SQL: SHOW COLUMNS FROM `comment` [ RunTime:0.0040s ]
SQL: SELECT * FROM `comment` left join uinfomation on  comment.uid = uinfomation.userid  WHERE ( status=1 )  [ RunTime:0.0010s ]
SQL: SELECT * FROM `comment` left join uinfomation on  comment.uid = uinfomation.userid  WHERE ( status=1 ) LIMIT 0,5   [ RunTime:0.0000s ]
INFO: [ view_parse ] --START--
INFO: [ template_filter ] --START--
INFO: Run Behavior\ContentReplaceBehavior [ RunTime:0.000000s ]
INFO: [ template_filter ] --END-- [ RunTime:0.000000s ]
INFO: Run Behavior\ParseTemplateBehavior [ RunTime:0.009001s ]
INFO: [ view_parse ] --END-- [ RunTime:0.009001s ]
INFO: [ view_filter ] --START--
INFO: Run Behavior\WriteHtmlCacheBehavior [ RunTime:0.001000s ]
INFO: [ view_filter ] --END-- [ RunTime:0.001000s ]
INFO: [ app_end ] --START--
INFO: Run Behavior\ShowPageTraceBehavior [ RunTime:0.000000s ]
INFO: [ app_end ] --END-- [ RunTime:0.000000s ]

[ 2018-07-23T10:08:07+08:00 ] ::1 /project/index.php/Admin/Admin/bookUpload.html
INFO: [ app_init ] --START--
INFO: Run Behavior\BuildLiteBehavior [ RunTime:0.000000s ]
INFO: [ app_init ] --END-- [ RunTime:0.000000s ]
INFO: [ app_begin ] --START--
INFO: Run Behavior\ReadHtmlCacheBehavior [ RunTime:0.001000s ]
INFO: [ app_begin ] --END-- [ RunTime:0.001000s ]
INFO: [ view_parse ] --START--
INFO: [ template_filter ] --START--
INFO: Run Behavior\ContentReplaceBehavior [ RunTime:0.000000s ]
INFO: [ template_filter ] --END-- [ RunTime:0.000000s ]
INFO: Run Behavior\ParseTemplateBehavior [ RunTime:0.055003s ]
INFO: [ view_parse ] --END-- [ RunTime:0.055003s ]
INFO: [ view_filter ] --START--
INFO: Run Behavior\WriteHtmlCacheBehavior [ RunTime:0.001000s ]
INFO: [ view_filter ] --END-- [ RunTime:0.001000s ]
INFO: [ app_end ] --START--
INFO: Run Behavior\ShowPageTraceBehavior [ RunTime:0.000000s ]
INFO: [ app_end ] --END-- [ RunTime:0.000000s ]

[ 2018-07-23T10:08:12+08:00 ] ::1 /project/index.php/Admin/Admin/rank.html
INFO: [ app_init ] --START--
INFO: Run Behavior\BuildLiteBehavior [ RunTime:0.000000s ]
INFO: [ app_init ] --END-- [ RunTime:0.000000s ]
INFO: [ app_begin ] --START--
INFO: Run Behavior\ReadHtmlCacheBehavior [ RunTime:0.000000s ]
INFO: [ app_begin ] --END-- [ RunTime:0.000000s ]
SQL: SHOW COLUMNS FROM `books` [ RunTime:0.0040s ]
SQL: SELECT books.bid,books.bookname,count(*) as num FROM `books` INNER JOIN comment ON books.bid = comment.bid  GROUP BY comment.bid ORDER BY num desc LIMIT 10   [ RunTime:0.0010s ]
SQL: SHOW COLUMNS FROM `digest` [ RunTime:0.0030s ]
SQL: SELECT digest.bookid,books.bookname,count(*) as num FROM `digest` INNER JOIN books ON digest.bookid = books.bid  GROUP BY books.bid ORDER BY num desc LIMIT 10   [ RunTime:0.0000s ]
INFO: [ view_parse ] --START--
INFO: [ template_filter ] --START--
INFO: Run Behavior\ContentReplaceBehavior [ RunTime:0.000000s ]
INFO: [ template_filter ] --END-- [ RunTime:0.000000s ]
INFO: Run Behavior\ParseTemplateBehavior [ RunTime:0.023001s ]
INFO: [ view_parse ] --END-- [ RunTime:0.023001s ]
INFO: [ view_filter ] --START--
INFO: Run Behavior\WriteHtmlCacheBehavior [ RunTime:0.001000s ]
INFO: [ view_filter ] --END-- [ RunTime:0.001000s ]
INFO: [ app_end ] --START--
INFO: Run Behavior\ShowPageTraceBehavior [ RunTime:0.001000s ]
INFO: [ app_end ] --END-- [ RunTime:0.001000s ]

[ 2018-07-23T10:08:20+08:00 ] ::1 /project/index.php/Admin/Admin/index.html
INFO: [ app_init ] --START--
INFO: Run Behavior\BuildLiteBehavior [ RunTime:0.000000s ]
INFO: [ app_init ] --END-- [ RunTime:0.000000s ]
INFO: [ app_begin ] --START--
INFO: Run Behavior\ReadHtmlCacheBehavior [ RunTime:0.001000s ]
INFO: [ app_begin ] --END-- [ RunTime:0.001000s ]
SQL: SHOW COLUMNS FROM `uinfomation` [ RunTime:0.0040s ]
SQL: SELECT COUNT(*) AS tp_count FROM `uinfomation` LIMIT 1   [ RunTime:0.0010s ]
SQL: SHOW COLUMNS FROM `books` [ RunTime:0.0040s ]
SQL: SELECT COUNT(*) AS tp_count FROM `books` LIMIT 1   [ RunTime:0.0010s ]
SQL: SHOW COLUMNS FROM `comment` [ RunTime:0.0040s ]
SQL: SELECT COUNT(*) AS tp_count FROM `comment` LIMIT 1   [ RunTime:0.0000s ]
SQL: SHOW COLUMNS FROM `digest` [ RunTime:0.0050s ]
SQL: SELECT COUNT(*) AS tp_count FROM `digest` LIMIT 1   [ RunTime:0.0000s ]
INFO: [ view_parse ] --START--
INFO: [ template_filter ] --START--
INFO: Run Behavior\ContentReplaceBehavior [ RunTime:0.000000s ]
INFO: [ template_filter ] --END-- [ RunTime:0.000000s ]
INFO: Run Behavior\ParseTemplateBehavior [ RunTime:0.008001s ]
INFO: [ view_parse ] --END-- [ RunTime:0.008001s ]
INFO: [ view_filter ] --START--
INFO: Run Behavior\WriteHtmlCacheBehavior [ RunTime:0.000000s ]
INFO: [ view_filter ] --END-- [ RunTime:0.000000s ]
INFO: [ app_end ] --START--
INFO: Run Behavior\ShowPageTraceBehavior [ RunTime:0.001000s ]
INFO: [ app_end ] --END-- [ RunTime:0.001000s ]

[ 2018-07-23T14:54:48+08:00 ] ::1 /project/index.php/Admin/Admin/authorInfo.html
INFO: [ app_init ] --START--
INFO: Run Behavior\BuildLiteBehavior [ RunTime:0.000000s ]
INFO: [ app_init ] --END-- [ RunTime:0.001000s ]
INFO: [ app_begin ] --START--
INFO: Run Behavior\ReadHtmlCacheBehavior [ RunTime:0.000000s ]
INFO: [ app_begin ] --END-- [ RunTime:0.000000s ]
INFO: [ view_parse ] --START--
INFO: [ template_filter ] --START--
INFO: Run Behavior\ContentReplaceBehavior [ RunTime:0.000000s ]
INFO: [ template_filter ] --END-- [ RunTime:0.000000s ]
INFO: Run Behavior\ParseTemplateBehavior [ RunTime:0.005001s ]
INFO: [ view_parse ] --END-- [ RunTime:0.005001s ]
INFO: [ view_filter ] --START--
INFO: Run Behavior\WriteHtmlCacheBehavior [ RunTime:0.000000s ]
INFO: [ view_filter ] --END-- [ RunTime:0.000000s ]

[ 2018-07-23T14:54:54+08:00 ] ::1 /project/index.php/Admin/Admin/reportAudit.html
INFO: [ app_init ] --START--
INFO: Run Behavior\BuildLiteBehavior [ RunTime:0.000000s ]
INFO: [ app_init ] --END-- [ RunTime:0.001000s ]
INFO: [ app_begin ] --START--
INFO: Run Behavior\ReadHtmlCacheBehavior [ RunTime:0.001001s ]
INFO: [ app_begin ] --END-- [ RunTime:0.001001s ]
INFO: [ view_parse ] --START--
INFO: [ template_filter ] --START--
INFO: Run Behavior\ContentReplaceBehavior [ RunTime:0.000000s ]
INFO: [ template_filter ] --END-- [ RunTime:0.000000s ]
INFO: Run Behavior\ParseTemplateBehavior [ RunTime:0.006000s ]
INFO: [ view_parse ] --END-- [ RunTime:0.006000s ]
INFO: [ view_filter ] --START--
INFO: Run Behavior\WriteHtmlCacheBehavior [ RunTime:0.001000s ]
INFO: [ view_filter ] --END-- [ RunTime:0.001000s ]

[ 2018-07-23T14:55:04+08:00 ] ::1 /project/index.php/Admin/Admin/index.html
INFO: [ app_init ] --START--
INFO: Run Behavior\BuildLiteBehavior [ RunTime:0.000000s ]
INFO: [ app_init ] --END-- [ RunTime:0.001000s ]
INFO: [ app_begin ] --START--
INFO: Run Behavior\ReadHtmlCacheBehavior [ RunTime:0.001000s ]
INFO: [ app_begin ] --END-- [ RunTime:0.001000s ]
INFO: [ view_parse ] --START--
INFO: [ template_filter ] --START--
INFO: Run Behavior\ContentReplaceBehavior [ RunTime:0.000000s ]
INFO: [ template_filter ] --END-- [ RunTime:0.000000s ]
INFO: Run Behavior\ParseTemplateBehavior [ RunTime:0.012001s ]
INFO: [ view_parse ] --END-- [ RunTime:0.012001s ]
INFO: [ view_filter ] --START--
INFO: Run Behavior\WriteHtmlCacheBehavior [ RunTime:0.001000s ]
INFO: [ view_filter ] --END-- [ RunTime:0.001000s ]

[ 2018-07-23T14:55:05+08:00 ] ::1 /project/index.php/Admin/Admin/login.html
INFO: [ app_init ] --START--
INFO: Run Behavior\BuildLiteBehavior [ RunTime:0.000000s ]
INFO: [ app_init ] --END-- [ RunTime:0.001000s ]
INFO: [ app_begin ] --START--
INFO: Run Behavior\ReadHtmlCacheBehavior [ RunTime:0.003000s ]
INFO: [ app_begin ] --END-- [ RunTime:0.003000s ]
INFO: [ view_parse ] --START--
INFO: [ template_filter ] --START--
INFO: Run Behavior\ContentReplaceBehavior [ RunTime:0.000000s ]
INFO: [ template_filter ] --END-- [ RunTime:0.000000s ]
INFO: Run Behavior\ParseTemplateBehavior [ RunTime:0.009000s ]
INFO: [ view_parse ] --END-- [ RunTime:0.010000s ]
INFO: [ view_filter ] --START--
INFO: Run Behavior\WriteHtmlCacheBehavior [ RunTime:0.000000s ]
INFO: [ view_filter ] --END-- [ RunTime:0.000000s ]
INFO: [ app_end ] --START--
INFO: Run Behavior\ShowPageTraceBehavior [ RunTime:0.004000s ]
INFO: [ app_end ] --END-- [ RunTime:0.004000s ]

[ 2018-07-23T14:55:05+08:00 ] ::1 /project/index.php/Admin/Admin/js/modernizr-2.6.2.min.js
INFO: [ app_init ] --START--
INFO: Run Behavior\BuildLiteBehavior [ RunTime:0.000000s ]
INFO: [ app_init ] --END-- [ RunTime:0.000000s ]
INFO: [ app_begin ] --START--
INFO: Run Behavior\ReadHtmlCacheBehavior [ RunTime:0.002000s ]
INFO: [ app_begin ] --END-- [ RunTime:0.002000s ]
ERR: 非法操作:js

[ 2018-07-23T15:02:59+08:00 ] ::1 /project/index.php/Admin/Admin/userInfo.html
INFO: [ app_init ] --START--
INFO: Run Behavior\BuildLiteBehavior [ RunTime:0.000000s ]
INFO: [ app_init ] --END-- [ RunTime:0.000000s ]
INFO: [ app_begin ] --START--
INFO: Run Behavior\ReadHtmlCacheBehavior [ RunTime:0.001000s ]
INFO: [ app_begin ] --END-- [ RunTime:0.001000s ]
SQL: SHOW COLUMNS FROM `uinfomation` [ RunTime:0.0060s ]
SQL: SELECT COUNT(*) AS tp_count FROM `uinfomation` LIMIT 1   [ RunTime:0.0000s ]
SQL: SELECT * FROM `uinfomation` LIMIT 0,8   [ RunTime:0.0000s ]
INFO: [ view_parse ] --START--
INFO: [ template_filter ] --START--
INFO: Run Behavior\ContentReplaceBehavior [ RunTime:0.000000s ]
INFO: [ template_filter ] --END-- [ RunTime:0.000000s ]
NOTIC: [8] Use of undefined constant sex - assumed 'sex' E:\less1\phpstudy\PHPTutorial\WWW\project\App\Runtime\Cache\Admin\d8ce7c54836328eb611b996a7ec3d475.php 第 114 行.
NOTIC: [8] Array to string conversion E:\less1\phpstudy\PHPTutorial\WWW\project\App\Runtime\Cache\Admin\d8ce7c54836328eb611b996a7ec3d475.php 第 114 行.
NOTIC: [8] Use of undefined constant sex - assumed 'sex' E:\less1\phpstudy\PHPTutorial\WWW\project\App\Runtime\Cache\Admin\d8ce7c54836328eb611b996a7ec3d475.php 第 114 行.
NOTIC: [8] Array to string conversion E:\less1\phpstudy\PHPTutorial\WWW\project\App\Runtime\Cache\Admin\d8ce7c54836328eb611b996a7ec3d475.php 第 114 行.
NOTIC: [8] Use of undefined constant sex - assumed 'sex' E:\less1\phpstudy\PHPTutorial\WWW\project\App\Runtime\Cache\Admin\d8ce7c54836328eb611b996a7ec3d475.php 第 114 行.
NOTIC: [8] Array to string conversion E:\less1\phpstudy\PHPTutorial\WWW\project\App\Runtime\Cache\Admin\d8ce7c54836328eb611b996a7ec3d475.php 第 114 行.
NOTIC: [8] Use of undefined constant sex - assumed 'sex' E:\less1\phpstudy\PHPTutorial\WWW\project\App\Runtime\Cache\Admin\d8ce7c54836328eb611b996a7ec3d475.php 第 114 行.
NOTIC: [8] Array to string conversion E:\less1\phpstudy\PHPTutorial\WWW\project\App\Runtime\Cache\Admin\d8ce7c54836328eb611b996a7ec3d475.php 第 114 行.
NOTIC: [8] Use of undefined constant sex - assumed 'sex' E:\less1\phpstudy\PHPTutorial\WWW\project\App\Runtime\Cache\Admin\d8ce7c54836328eb611b996a7ec3d475.php 第 114 行.
NOTIC: [8] Array to string conversion E:\less1\phpstudy\PHPTutorial\WWW\project\App\Runtime\Cache\Admin\d8ce7c54836328eb611b996a7ec3d475.php 第 114 行.
NOTIC: [8] Use of undefined constant sex - assumed 'sex' E:\less1\phpstudy\PHPTutorial\WWW\project\App\Runtime\Cache\Admin\d8ce7c54836328eb611b996a7ec3d475.php 第 114 行.
NOTIC: [8] Array to string conversion E:\less1\phpstudy\PHPTutorial\WWW\project\App\Runtime\Cache\Admin\d8ce7c54836328eb611b996a7ec3d475.php 第 114 行.
NOTIC: [8] Use of undefined constant sex - assumed 'sex' E:\less1\phpstudy\PHPTutorial\WWW\project\App\Runtime\Cache\Admin\d8ce7c54836328eb611b996a7ec3d475.php 第 114 行.
NOTIC: [8] Array to string conversion E:\less1\phpstudy\PHPTutorial\WWW\project\App\Runtime\Cache\Admin\d8ce7c54836328eb611b996a7ec3d475.php 第 114 行.
NOTIC: [8] Use of undefined constant sex - assumed 'sex' E:\less1\phpstudy\PHPTutorial\WWW\project\App\Runtime\Cache\Admin\d8ce7c54836328eb611b996a7ec3d475.php 第 114 行.
NOTIC: [8] Array to string conversion E:\less1\phpstudy\PHPTutorial\WWW\project\App\Runtime\Cache\Admin\d8ce7c54836328eb611b996a7ec3d475.php 第 114 行.
INFO: Run Behavior\ParseTemplateBehavior [ RunTime:0.012001s ]
INFO: [ view_parse ] --END-- [ RunTime:0.012001s ]
INFO: [ view_filter ] --START--
INFO: Run Behavior\WriteHtmlCacheBehavior [ RunTime:0.000000s ]
INFO: [ view_filter ] --END-- [ RunTime:0.000000s ]
INFO: [ app_end ] --START--
INFO: Run Behavior\ShowPageTraceBehavior [ RunTime:0.001000s ]
INFO: [ app_end ] --END-- [ RunTime:0.001000s ]

[ 2018-07-23T15:03:00+08:00 ] ::1 /project/index.php/Admin/Admin/index.html
INFO: [ app_init ] --START--
INFO: Run Behavior\BuildLiteBehavior [ RunTime:0.000000s ]
INFO: [ app_init ] --END-- [ RunTime:0.000000s ]
INFO: [ app_begin ] --START--
INFO: Run Behavior\ReadHtmlCacheBehavior [ RunTime:0.000000s ]
INFO: [ app_begin ] --END-- [ RunTime:0.001000s ]
SQL: SHOW COLUMNS FROM `uinfomation` [ RunTime:0.0100s ]
SQL: SELECT COUNT(*) AS tp_count FROM `uinfomation` LIMIT 1   [ RunTime:0.0010s ]
SQL: SHOW COLUMNS FROM `books` [ RunTime:0.0040s ]
SQL: SELECT COUNT(*) AS tp_count FROM `books` LIMIT 1   [ RunTime:0.0000s ]
SQL: SHOW COLUMNS FROM `comment` [ RunTime:0.0070s ]
SQL: SELECT COUNT(*) AS tp_count FROM `comment` LIMIT 1   [ RunTime:0.0000s ]
SQL: SHOW COLUMNS FROM `digest` [ RunTime:0.0040s ]
SQL: SELECT COUNT(*) AS tp_count FROM `digest` LIMIT 1   [ RunTime:0.0000s ]
INFO: [ view_parse ] --START--
INFO: [ template_filter ] --START--
INFO: Run Behavior\ContentReplaceBehavior [ RunTime:0.001000s ]
INFO: [ template_filter ] --END-- [ RunTime:0.001000s ]
INFO: Run Behavior\ParseTemplateBehavior [ RunTime:0.013000s ]
INFO: [ view_parse ] --END-- [ RunTime:0.013000s ]
INFO: [ view_filter ] --START--
INFO: Run Behavior\WriteHtmlCacheBehavior [ RunTime:0.000000s ]
INFO: [ view_filter ] --END-- [ RunTime:0.001000s ]
INFO: [ app_end ] --START--
INFO: Run Behavior\ShowPageTraceBehavior [ RunTime:0.001000s ]
INFO: [ app_end ] --END-- [ RunTime:0.001000s ]

[ 2018-07-23T15:03:07+08:00 ] ::1 /project/index.php/Admin/Admin/userInfo.html
INFO: [ app_init ] --START--
INFO: Run Behavior\BuildLiteBehavior [ RunTime:0.000000s ]
INFO: [ app_init ] --END-- [ RunTime:0.000000s ]
INFO: [ app_begin ] --START--
INFO: Run Behavior\ReadHtmlCacheBehavior [ RunTime:0.001000s ]
INFO: [ app_begin ] --END-- [ RunTime:0.001000s ]
SQL: SHOW COLUMNS FROM `uinfomation` [ RunTime:0.0040s ]
SQL: SELECT COUNT(*) AS tp_count FROM `uinfomation` LIMIT 1   [ RunTime:0.0000s ]
SQL: SELECT * FROM `uinfomation` LIMIT 0,8   [ RunTime:0.0000s ]
INFO: [ view_parse ] --START--
INFO: [ template_filter ] --START--
INFO: Run Behavior\ContentReplaceBehavior [ RunTime:0.000000s ]
INFO: [ template_filter ] --END-- [ RunTime:0.000000s ]
NOTIC: [8] Use of undefined constant sex - assumed 'sex' E:\less1\phpstudy\PHPTutorial\WWW\project\App\Runtime\Cache\Admin\d8ce7c54836328eb611b996a7ec3d475.php 第 114 行.
NOTIC: [8] Array to string conversion E:\less1\phpstudy\PHPTutorial\WWW\project\App\Runtime\Cache\Admin\d8ce7c54836328eb611b996a7ec3d475.php 第 114 行.
NOTIC: [8] Use of undefined constant sex - assumed 'sex' E:\less1\phpstudy\PHPTutorial\WWW\project\App\Runtime\Cache\Admin\d8ce7c54836328eb611b996a7ec3d475.php 第 114 行.
NOTIC: [8] Array to string conversion E:\less1\phpstudy\PHPTutorial\WWW\project\App\Runtime\Cache\Admin\d8ce7c54836328eb611b996a7ec3d475.php 第 114 行.
NOTIC: [8] Use of undefined constant sex - assumed 'sex' E:\less1\phpstudy\PHPTutorial\WWW\project\App\Runtime\Cache\Admin\d8ce7c54836328eb611b996a7ec3d475.php 第 114 行.
NOTIC: [8] Array to string conversion E:\less1\phpstudy\PHPTutorial\WWW\project\App\Runtime\Cache\Admin\d8ce7c54836328eb611b996a7ec3d475.php 第 114 行.
NOTIC: [8] Use of undefined constant sex - assumed 'sex' E:\less1\phpstudy\PHPTutorial\WWW\project\App\Runtime\Cache\Admin\d8ce7c54836328eb611b996a7ec3d475.php 第 114 行.
NOTIC: [8] Array to string conversion E:\less1\phpstudy\PHPTutorial\WWW\project\App\Runtime\Cache\Admin\d8ce7c54836328eb611b996a7ec3d475.php 第 114 行.
NOTIC: [8] Use of undefined constant sex - assumed 'sex' E:\less1\phpstudy\PHPTutorial\WWW\project\App\Runtime\Cache\Admin\d8ce7c54836328eb611b996a7ec3d475.php 第 114 行.
NOTIC: [8] Array to string conversion E:\less1\phpstudy\PHPTutorial\WWW\project\App\Runtime\Cache\Admin\d8ce7c54836328eb611b996a7ec3d475.php 第 114 行.
NOTIC: [8] Use of undefined constant sex - assumed 'sex' E:\less1\phpstudy\PHPTutorial\WWW\project\App\Runtime\Cache\Admin\d8ce7c54836328eb611b996a7ec3d475.php 第 114 行.
NOTIC: [8] Array to string conversion E:\less1\phpstudy\PHPTutorial\WWW\project\App\Runtime\Cache\Admin\d8ce7c54836328eb611b996a7ec3d475.php 第 114 行.
NOTIC: [8] Use of undefined constant sex - assumed 'sex' E:\less1\phpstudy\PHPTutorial\WWW\project\App\Runtime\Cache\Admin\d8ce7c54836328eb611b996a7ec3d475.php 第 114 行.
NOTIC: [8] Array to string conversion E:\less1\phpstudy\PHPTutorial\WWW\project\App\Runtime\Cache\Admin\d8ce7c54836328eb611b996a7ec3d475.php 第 114 行.
NOTIC: [8] Use of undefined constant sex - assumed 'sex' E:\less1\phpstudy\PHPTutorial\WWW\project\App\Runtime\Cache\Admin\d8ce7c54836328eb611b996a7ec3d475.php 第 114 行.
NOTIC: [8] Array to string conversion E:\less1\phpstudy\PHPTutorial\WWW\project\App\Runtime\Cache\Admin\d8ce7c54836328eb611b996a7ec3d475.php 第 114 行.
INFO: Run Behavior\ParseTemplateBehavior [ RunTime:0.012001s ]
INFO: [ view_parse ] --END-- [ RunTime:0.013001s ]
INFO: [ view_filter ] --START--
INFO: Run Behavior\WriteHtmlCacheBehavior [ RunTime:0.000000s ]
INFO: [ view_filter ] --END-- [ RunTime:0.000000s ]
INFO: [ app_end ] --START--
INFO: Run Behavior\ShowPageTraceBehavior [ RunTime:0.001000s ]
INFO: [ app_end ] --END-- [ RunTime:0.001000s ]

[ 2018-07-23T15:03:12+08:00 ] ::1 /project/index.php/Admin/Admin/userInfoUpdate.html?id=2
INFO: [ app_init ] --START--
INFO: Run Behavior\BuildLiteBehavior [ RunTime:0.000000s ]
INFO: [ app_init ] --END-- [ RunTime:0.002000s ]
INFO: [ app_begin ] --START--
INFO: Run Behavior\ReadHtmlCacheBehavior [ RunTime:0.001000s ]
INFO: [ app_begin ] --END-- [ RunTime:0.001000s ]
SQL: SHOW COLUMNS FROM `uinfomation` [ RunTime:0.0040s ]
SQL: SELECT * FROM `uinfomation` WHERE ( userid=2 )  [ RunTime:0.0000s ]
INFO: [ view_parse ] --START--
INFO: [ template_filter ] --START--
INFO: Run Behavior\ContentReplaceBehavior [ RunTime:0.000000s ]
INFO: [ template_filter ] --END-- [ RunTime:0.000000s ]
INFO: Run Behavior\ParseTemplateBehavior [ RunTime:0.008000s ]
INFO: [ view_parse ] --END-- [ RunTime:0.008000s ]
INFO: [ view_filter ] --START--
INFO: Run Behavior\WriteHtmlCacheBehavior [ RunTime:0.000000s ]
INFO: [ view_filter ] --END-- [ RunTime:0.000000s ]
INFO: [ app_end ] --START--
INFO: Run Behavior\ShowPageTraceBehavior [ RunTime:0.001000s ]
INFO: [ app_end ] --END-- [ RunTime:0.001000s ]

[ 2018-07-23T15:03:14+08:00 ] ::1 /project/index.php/Admin/Admin/booksCheck.html
INFO: [ app_init ] --START--
INFO: Run Behavior\BuildLiteBehavior [ RunTime:0.000000s ]
INFO: [ app_init ] --END-- [ RunTime:0.000000s ]
INFO: [ app_begin ] --START--
INFO: Run Behavior\ReadHtmlCacheBehavior [ RunTime:0.002000s ]
INFO: [ app_begin ] --END-- [ RunTime:0.002000s ]
SQL: SHOW COLUMNS FROM `books` [ RunTime:0.0050s ]
SQL: SELECT * FROM `books` left join uinfomation on  books.userid = uinfomation.userid  WHERE ( Status=0 )  [ RunTime:0.0010s ]
SQL: SELECT * FROM `books` left join uinfomation on  books.userid = uinfomation.userid  WHERE ( Status=0 ) LIMIT 0,5   [ RunTime:0.0010s ]
INFO: [ view_parse ] --START--
INFO: [ template_filter ] --START--
INFO: Run Behavior\ContentReplaceBehavior [ RunTime:0.000000s ]
INFO: [ template_filter ] --END-- [ RunTime:0.000000s ]
INFO: Run Behavior\ParseTemplateBehavior [ RunTime:0.013001s ]
INFO: [ view_parse ] --END-- [ RunTime:0.013001s ]
INFO: [ view_filter ] --START--
INFO: Run Behavior\WriteHtmlCacheBehavior [ RunTime:0.001000s ]
INFO: [ view_filter ] --END-- [ RunTime:0.001000s ]
INFO: [ app_end ] --START--
INFO: Run Behavior\ShowPageTraceBehavior [ RunTime:0.001000s ]
INFO: [ app_end ] --END-- [ RunTime:0.001000s ]

[ 2018-07-23T15:03:16+08:00 ] ::1 /project/index.php/Admin/Admin/bookUpload.html
INFO: [ app_init ] --START--
INFO: Run Behavior\BuildLiteBehavior [ RunTime:0.000000s ]
INFO: [ app_init ] --END-- [ RunTime:0.001000s ]
INFO: [ app_begin ] --START--
INFO: Run Behavior\ReadHtmlCacheBehavior [ RunTime:0.001000s ]
INFO: [ app_begin ] --END-- [ RunTime:0.001000s ]
INFO: [ view_parse ] --START--
INFO: [ template_filter ] --START--
INFO: Run Behavior\ContentReplaceBehavior [ RunTime:0.000000s ]
INFO: [ template_filter ] --END-- [ RunTime:0.000000s ]
INFO: Run Behavior\ParseTemplateBehavior [ RunTime:0.010000s ]
INFO: [ view_parse ] --END-- [ RunTime:0.010000s ]
INFO: [ view_filter ] --START--
INFO: Run Behavior\WriteHtmlCacheBehavior [ RunTime:0.001000s ]
INFO: [ view_filter ] --END-- [ RunTime:0.001000s ]
INFO: [ app_end ] --START--
INFO: Run Behavior\ShowPageTraceBehavior [ RunTime:0.001000s ]
INFO: [ app_end ] --END-- [ RunTime:0.001000s ]

[ 2018-07-23T15:03:20+08:00 ] ::1 /project/index.php/Admin/Admin/rank.html
INFO: [ app_init ] --START--
INFO: Run Behavior\BuildLiteBehavior [ RunTime:0.000000s ]
INFO: [ app_init ] --END-- [ RunTime:0.002000s ]
INFO: [ app_begin ] --START--
INFO: Run Behavior\ReadHtmlCacheBehavior [ RunTime:0.002001s ]
INFO: [ app_begin ] --END-- [ RunTime:0.002001s ]
SQL: SHOW COLUMNS FROM `books` [ RunTime:0.0040s ]
SQL: SELECT books.bid,books.bookname,count(*) as num FROM `books` INNER JOIN comment ON books.bid = comment.bid  GROUP BY comment.bid ORDER BY num desc LIMIT 10   [ RunTime:0.0010s ]
SQL: SHOW COLUMNS FROM `digest` [ RunTime:0.0060s ]
SQL: SELECT digest.bookid,books.bookname,count(*) as num FROM `digest` INNER JOIN books ON digest.bookid = books.bid  GROUP BY books.bid ORDER BY num desc LIMIT 10   [ RunTime:0.0010s ]
INFO: [ view_parse ] --START--
INFO: [ template_filter ] --START--
INFO: Run Behavior\ContentReplaceBehavior [ RunTime:0.000000s ]
INFO: [ template_filter ] --END-- [ RunTime:0.000000s ]
INFO: Run Behavior\ParseTemplateBehavior [ RunTime:0.008001s ]
INFO: [ view_parse ] --END-- [ RunTime:0.008001s ]
INFO: [ view_filter ] --START--
INFO: Run Behavior\WriteHtmlCacheBehavior [ RunTime:0.000000s ]
INFO: [ view_filter ] --END-- [ RunTime:0.000000s ]
INFO: [ app_end ] --START--
INFO: Run Behavior\ShowPageTraceBehavior [ RunTime:0.001000s ]
INFO: [ app_end ] --END-- [ RunTime:0.001000s ]

