[ 2018-07-22T01:27:17+08:00 ] ::1 /project/index.php/Admin/Admin/index
INFO: [ app_init ] --START--
INFO: Run Behavior\BuildLiteBehavior [ RunTime:0.000000s ]
INFO: [ app_init ] --END-- [ RunTime:0.001000s ]
INFO: [ app_begin ] --START--
INFO: Run Behavior\ReadHtmlCacheBehavior [ RunTime:0.002000s ]
INFO: [ app_begin ] --END-- [ RunTime:0.002000s ]
SQL: SHOW COLUMNS FROM `uinfomation` [ RunTime:0.0120s ]
SQL: SELECT COUNT(*) AS tp_count FROM `uinfomation` LIMIT 1   [ RunTime:0.0000s ]
SQL: SHOW COLUMNS FROM `books` [ RunTime:0.0560s ]
SQL: SELECT COUNT(*) AS tp_count FROM `books` LIMIT 1   [ RunTime:0.0000s ]
SQL: SHOW COLUMNS FROM `comment` [ RunTime:0.0510s ]
SQL: SELECT COUNT(*) AS tp_count FROM `comment` LIMIT 1   [ RunTime:0.0000s ]
SQL: SHOW COLUMNS FROM `digest` [ RunTime:0.0290s ]
SQL: SELECT COUNT(*) AS tp_count FROM `digest` LIMIT 1   [ RunTime:0.0010s ]
INFO: [ view_parse ] --START--
INFO: [ template_filter ] --START--
INFO: Run Behavior\ContentReplaceBehavior [ RunTime:0.000000s ]
INFO: [ template_filter ] --END-- [ RunTime:0.000000s ]
INFO: Run Behavior\ParseTemplateBehavior [ RunTime:0.038002s ]
INFO: [ view_parse ] --END-- [ RunTime:0.038002s ]
INFO: [ view_filter ] --START--
INFO: Run Behavior\WriteHtmlCacheBehavior [ RunTime:0.004000s ]
INFO: [ view_filter ] --END-- [ RunTime:0.004000s ]
INFO: [ app_end ] --START--
INFO: Run Behavior\ShowPageTraceBehavior [ RunTime:0.010001s ]
INFO: [ app_end ] --END-- [ RunTime:0.010001s ]

[ 2018-07-22T01:27:26+08:00 ] ::1 /project/index.php/Admin/Admin/userInfo.html
INFO: [ app_init ] --START--
INFO: Run Behavior\BuildLiteBehavior [ RunTime:0.000000s ]
INFO: [ app_init ] --END-- [ RunTime:0.001000s ]
INFO: [ app_begin ] --START--
INFO: Run Behavior\ReadHtmlCacheBehavior [ RunTime:0.005000s ]
INFO: [ app_begin ] --END-- [ RunTime:0.005000s ]
SQL: SHOW COLUMNS FROM `uinfomation` [ RunTime:0.0080s ]
SQL: SELECT COUNT(*) AS tp_count FROM `uinfomation` LIMIT 1   [ RunTime:0.0010s ]
SQL: SELECT * FROM `uinfomation` LIMIT 0,8   [ RunTime:0.0160s ]
INFO: [ view_parse ] --START--
INFO: [ template_filter ] --START--
INFO: Run Behavior\ContentReplaceBehavior [ RunTime:0.000000s ]
INFO: [ template_filter ] --END-- [ RunTime:0.000000s ]
NOTIC: [8] Use of undefined constant sex - assumed 'sex' E:\less1\phpstudy\PHPTutorial\WWW\project\App\Runtime\Cache\Admin\d8ce7c54836328eb611b996a7ec3d475.php 第 114 行.
NOTIC: [8] Array to string conversion E:\less1\phpstudy\PHPTutorial\WWW\project\App\Runtime\Cache\Admin\d8ce7c54836328eb611b996a7ec3d475.php 第 114 行.
NOTIC: [8] Use of undefined constant sex - assumed 'sex' E:\less1\phpstudy\PHPTutorial\WWW\project\App\Runtime\Cache\Admin\d8ce7c54836328eb611b996a7ec3d475.php 第 114 行.
NOTIC: [8] Array to string conversion E:\less1\phpstudy\PHPTutorial\WWW\project\App\Runtime\Cache\Admin\d8ce7c54836328eb611b996a7ec3d475.php 第 114 行.
NOTIC: [8] Use of undefined constant sex - assumed 'sex' E:\less1\phpstudy\PHPTutorial\WWW\project\App\Runtime\Cache\Admin\d8ce7c54836328eb611b996a7ec3d475.php 第 114 行.
NOTIC: [8] Array to string conversion E:\less1\phpstudy\PHPTutorial\WWW\project\App\Runtime\Cache\Admin\d8ce7c54836328eb611b996a7ec3d475.php 第 114 行.
NOTIC: [8] Use of undefined constant sex - assumed 'sex' E:\less1\phpstudy\PHPTutorial\WWW\project\App\Runtime\Cache\Admin\d8ce7c54836328eb611b996a7ec3d475.php 第 114 行.
NOTIC: [8] Array to string conversion E:\less1\phpstudy\PHPTutorial\WWW\project\App\Runtime\Cache\Admin\d8ce7c54836328eb611b996a7ec3d475.php 第 114 行.
NOTIC: [8] Use of undefined constant sex - assumed 'sex' E:\less1\phpstudy\PHPTutorial\WWW\project\App\Runtime\Cache\Admin\d8ce7c54836328eb611b996a7ec3d475.php 第 114 行.
NOTIC: [8] Array to string conversion E:\less1\phpstudy\PHPTutorial\WWW\project\App\Runtime\Cache\Admin\d8ce7c54836328eb611b996a7ec3d475.php 第 114 行.
NOTIC: [8] Use of undefined constant sex - assumed 'sex' E:\less1\phpstudy\PHPTutorial\WWW\project\App\Runtime\Cache\Admin\d8ce7c54836328eb611b996a7ec3d475.php 第 114 行.
NOTIC: [8] Array to string conversion E:\less1\phpstudy\PHPTutorial\WWW\project\App\Runtime\Cache\Admin\d8ce7c54836328eb611b996a7ec3d475.php 第 114 行.
NOTIC: [8] Use of undefined constant sex - assumed 'sex' E:\less1\phpstudy\PHPTutorial\WWW\project\App\Runtime\Cache\Admin\d8ce7c54836328eb611b996a7ec3d475.php 第 114 行.
NOTIC: [8] Array to string conversion E:\less1\phpstudy\PHPTutorial\WWW\project\App\Runtime\Cache\Admin\d8ce7c54836328eb611b996a7ec3d475.php 第 114 行.
NOTIC: [8] Use of undefined constant sex - assumed 'sex' E:\less1\phpstudy\PHPTutorial\WWW\project\App\Runtime\Cache\Admin\d8ce7c54836328eb611b996a7ec3d475.php 第 114 行.
NOTIC: [8] Array to string conversion E:\less1\phpstudy\PHPTutorial\WWW\project\App\Runtime\Cache\Admin\d8ce7c54836328eb611b996a7ec3d475.php 第 114 行.
INFO: Run Behavior\ParseTemplateBehavior [ RunTime:0.011001s ]
INFO: [ view_parse ] --END-- [ RunTime:0.011001s ]
INFO: [ view_filter ] --START--
INFO: Run Behavior\WriteHtmlCacheBehavior [ RunTime:0.000000s ]
INFO: [ view_filter ] --END-- [ RunTime:0.001000s ]
INFO: [ app_end ] --START--
INFO: Run Behavior\ShowPageTraceBehavior [ RunTime:0.001000s ]
INFO: [ app_end ] --END-- [ RunTime:0.001000s ]

[ 2018-07-22T01:27:28+08:00 ] ::1 /project/index.php/Admin/Admin/userInfoUpdate.html?id=2
INFO: [ app_init ] --START--
INFO: Run Behavior\BuildLiteBehavior [ RunTime:0.000000s ]
INFO: [ app_init ] --END-- [ RunTime:0.000000s ]
INFO: [ app_begin ] --START--
INFO: Run Behavior\ReadHtmlCacheBehavior [ RunTime:0.001000s ]
INFO: [ app_begin ] --END-- [ RunTime:0.001000s ]
SQL: SHOW COLUMNS FROM `uinfomation` [ RunTime:0.0040s ]
SQL: SELECT * FROM `uinfomation` WHERE ( userid=2 )  [ RunTime:0.0000s ]
INFO: [ view_parse ] --START--
INFO: [ template_filter ] --START--
INFO: Run Behavior\ContentReplaceBehavior [ RunTime:0.000000s ]
INFO: [ template_filter ] --END-- [ RunTime:0.000000s ]
INFO: Run Behavior\ParseTemplateBehavior [ RunTime:0.043003s ]
INFO: [ view_parse ] --END-- [ RunTime:0.043003s ]
INFO: [ view_filter ] --START--
INFO: Run Behavior\WriteHtmlCacheBehavior [ RunTime:0.001000s ]
INFO: [ view_filter ] --END-- [ RunTime:0.001000s ]
INFO: [ app_end ] --START--
INFO: Run Behavior\ShowPageTraceBehavior [ RunTime:0.001000s ]
INFO: [ app_end ] --END-- [ RunTime:0.001000s ]

[ 2018-07-22T01:27:32+08:00 ] ::1 /project/index.php/Admin/Admin/userInfo.html
INFO: [ app_init ] --START--
INFO: Run Behavior\BuildLiteBehavior [ RunTime:0.000000s ]
INFO: [ app_init ] --END-- [ RunTime:0.000000s ]
INFO: [ app_begin ] --START--
INFO: Run Behavior\ReadHtmlCacheBehavior [ RunTime:0.001000s ]
INFO: [ app_begin ] --END-- [ RunTime:0.001000s ]
SQL: SHOW COLUMNS FROM `uinfomation` [ RunTime:0.0050s ]
SQL: SELECT COUNT(*) AS tp_count FROM `uinfomation` LIMIT 1   [ RunTime:0.0010s ]
SQL: SELECT * FROM `uinfomation` LIMIT 0,8   [ RunTime:0.0000s ]
INFO: [ view_parse ] --START--
INFO: [ template_filter ] --START--
INFO: Run Behavior\ContentReplaceBehavior [ RunTime:0.000000s ]
INFO: [ template_filter ] --END-- [ RunTime:0.000000s ]
NOTIC: [8] Use of undefined constant sex - assumed 'sex' E:\less1\phpstudy\PHPTutorial\WWW\project\App\Runtime\Cache\Admin\d8ce7c54836328eb611b996a7ec3d475.php 第 114 行.
NOTIC: [8] Array to string conversion E:\less1\phpstudy\PHPTutorial\WWW\project\App\Runtime\Cache\Admin\d8ce7c54836328eb611b996a7ec3d475.php 第 114 行.
NOTIC: [8] Use of undefined constant sex - assumed 'sex' E:\less1\phpstudy\PHPTutorial\WWW\project\App\Runtime\Cache\Admin\d8ce7c54836328eb611b996a7ec3d475.php 第 114 行.
NOTIC: [8] Array to string conversion E:\less1\phpstudy\PHPTutorial\WWW\project\App\Runtime\Cache\Admin\d8ce7c54836328eb611b996a7ec3d475.php 第 114 行.
NOTIC: [8] Use of undefined constant sex - assumed 'sex' E:\less1\phpstudy\PHPTutorial\WWW\project\App\Runtime\Cache\Admin\d8ce7c54836328eb611b996a7ec3d475.php 第 114 行.
NOTIC: [8] Array to string conversion E:\less1\phpstudy\PHPTutorial\WWW\project\App\Runtime\Cache\Admin\d8ce7c54836328eb611b996a7ec3d475.php 第 114 行.
NOTIC: [8] Use of undefined constant sex - assumed 'sex' E:\less1\phpstudy\PHPTutorial\WWW\project\App\Runtime\Cache\Admin\d8ce7c54836328eb611b996a7ec3d475.php 第 114 行.
NOTIC: [8] Array to string conversion E:\less1\phpstudy\PHPTutorial\WWW\project\App\Runtime\Cache\Admin\d8ce7c54836328eb611b996a7ec3d475.php 第 114 行.
NOTIC: [8] Use of undefined constant sex - assumed 'sex' E:\less1\phpstudy\PHPTutorial\WWW\project\App\Runtime\Cache\Admin\d8ce7c54836328eb611b996a7ec3d475.php 第 114 行.
NOTIC: [8] Array to string conversion E:\less1\phpstudy\PHPTutorial\WWW\project\App\Runtime\Cache\Admin\d8ce7c54836328eb611b996a7ec3d475.php 第 114 行.
NOTIC: [8] Use of undefined constant sex - assumed 'sex' E:\less1\phpstudy\PHPTutorial\WWW\project\App\Runtime\Cache\Admin\d8ce7c54836328eb611b996a7ec3d475.php 第 114 行.
NOTIC: [8] Array to string conversion E:\less1\phpstudy\PHPTutorial\WWW\project\App\Runtime\Cache\Admin\d8ce7c54836328eb611b996a7ec3d475.php 第 114 行.
NOTIC: [8] Use of undefined constant sex - assumed 'sex' E:\less1\phpstudy\PHPTutorial\WWW\project\App\Runtime\Cache\Admin\d8ce7c54836328eb611b996a7ec3d475.php 第 114 行.
NOTIC: [8] Array to string conversion E:\less1\phpstudy\PHPTutorial\WWW\project\App\Runtime\Cache\Admin\d8ce7c54836328eb611b996a7ec3d475.php 第 114 行.
NOTIC: [8] Use of undefined constant sex - assumed 'sex' E:\less1\phpstudy\PHPTutorial\WWW\project\App\Runtime\Cache\Admin\d8ce7c54836328eb611b996a7ec3d475.php 第 114 行.
NOTIC: [8] Array to string conversion E:\less1\phpstudy\PHPTutorial\WWW\project\App\Runtime\Cache\Admin\d8ce7c54836328eb611b996a7ec3d475.php 第 114 行.
INFO: Run Behavior\ParseTemplateBehavior [ RunTime:0.010001s ]
INFO: [ view_parse ] --END-- [ RunTime:0.010001s ]
INFO: [ view_filter ] --START--
INFO: Run Behavior\WriteHtmlCacheBehavior [ RunTime:0.001000s ]
INFO: [ view_filter ] --END-- [ RunTime:0.001000s ]
INFO: [ app_end ] --START--
INFO: Run Behavior\ShowPageTraceBehavior [ RunTime:0.002000s ]
INFO: [ app_end ] --END-- [ RunTime:0.002000s ]

[ 2018-07-22T01:27:33+08:00 ] ::1 /project/index.php/Admin/Admin/userInfo.html
INFO: [ app_init ] --START--
INFO: Run Behavior\BuildLiteBehavior [ RunTime:0.000000s ]
INFO: [ app_init ] --END-- [ RunTime:0.001000s ]
INFO: [ app_begin ] --START--
INFO: Run Behavior\ReadHtmlCacheBehavior [ RunTime:0.001000s ]
INFO: [ app_begin ] --END-- [ RunTime:0.001000s ]
SQL: SHOW COLUMNS FROM `uinfomation` [ RunTime:0.0050s ]
SQL: SELECT COUNT(*) AS tp_count FROM `uinfomation` LIMIT 1   [ RunTime:0.0000s ]
SQL: SELECT * FROM `uinfomation` LIMIT 0,8   [ RunTime:0.0010s ]
INFO: [ view_parse ] --START--
INFO: [ template_filter ] --START--
INFO: Run Behavior\ContentReplaceBehavior [ RunTime:0.000000s ]
INFO: [ template_filter ] --END-- [ RunTime:0.000000s ]
NOTIC: [8] Use of undefined constant sex - assumed 'sex' E:\less1\phpstudy\PHPTutorial\WWW\project\App\Runtime\Cache\Admin\d8ce7c54836328eb611b996a7ec3d475.php 第 114 行.
NOTIC: [8] Array to string conversion E:\less1\phpstudy\PHPTutorial\WWW\project\App\Runtime\Cache\Admin\d8ce7c54836328eb611b996a7ec3d475.php 第 114 行.
NOTIC: [8] Use of undefined constant sex - assumed 'sex' E:\less1\phpstudy\PHPTutorial\WWW\project\App\Runtime\Cache\Admin\d8ce7c54836328eb611b996a7ec3d475.php 第 114 行.
NOTIC: [8] Array to string conversion E:\less1\phpstudy\PHPTutorial\WWW\project\App\Runtime\Cache\Admin\d8ce7c54836328eb611b996a7ec3d475.php 第 114 行.
NOTIC: [8] Use of undefined constant sex - assumed 'sex' E:\less1\phpstudy\PHPTutorial\WWW\project\App\Runtime\Cache\Admin\d8ce7c54836328eb611b996a7ec3d475.php 第 114 行.
NOTIC: [8] Array to string conversion E:\less1\phpstudy\PHPTutorial\WWW\project\App\Runtime\Cache\Admin\d8ce7c54836328eb611b996a7ec3d475.php 第 114 行.
NOTIC: [8] Use of undefined constant sex - assumed 'sex' E:\less1\phpstudy\PHPTutorial\WWW\project\App\Runtime\Cache\Admin\d8ce7c54836328eb611b996a7ec3d475.php 第 114 行.
NOTIC: [8] Array to string conversion E:\less1\phpstudy\PHPTutorial\WWW\project\App\Runtime\Cache\Admin\d8ce7c54836328eb611b996a7ec3d475.php 第 114 行.
NOTIC: [8] Use of undefined constant sex - assumed 'sex' E:\less1\phpstudy\PHPTutorial\WWW\project\App\Runtime\Cache\Admin\d8ce7c54836328eb611b996a7ec3d475.php 第 114 行.
NOTIC: [8] Array to string conversion E:\less1\phpstudy\PHPTutorial\WWW\project\App\Runtime\Cache\Admin\d8ce7c54836328eb611b996a7ec3d475.php 第 114 行.
NOTIC: [8] Use of undefined constant sex - assumed 'sex' E:\less1\phpstudy\PHPTutorial\WWW\project\App\Runtime\Cache\Admin\d8ce7c54836328eb611b996a7ec3d475.php 第 114 行.
NOTIC: [8] Array to string conversion E:\less1\phpstudy\PHPTutorial\WWW\project\App\Runtime\Cache\Admin\d8ce7c54836328eb611b996a7ec3d475.php 第 114 行.
NOTIC: [8] Use of undefined constant sex - assumed 'sex' E:\less1\phpstudy\PHPTutorial\WWW\project\App\Runtime\Cache\Admin\d8ce7c54836328eb611b996a7ec3d475.php 第 114 行.
NOTIC: [8] Array to string conversion E:\less1\phpstudy\PHPTutorial\WWW\project\App\Runtime\Cache\Admin\d8ce7c54836328eb611b996a7ec3d475.php 第 114 行.
NOTIC: [8] Use of undefined constant sex - assumed 'sex' E:\less1\phpstudy\PHPTutorial\WWW\project\App\Runtime\Cache\Admin\d8ce7c54836328eb611b996a7ec3d475.php 第 114 行.
NOTIC: [8] Array to string conversion E:\less1\phpstudy\PHPTutorial\WWW\project\App\Runtime\Cache\Admin\d8ce7c54836328eb611b996a7ec3d475.php 第 114 行.
INFO: Run Behavior\ParseTemplateBehavior [ RunTime:0.010001s ]
INFO: [ view_parse ] --END-- [ RunTime:0.010001s ]
INFO: [ view_filter ] --START--
INFO: Run Behavior\WriteHtmlCacheBehavior [ RunTime:0.000000s ]
INFO: [ view_filter ] --END-- [ RunTime:0.000000s ]
INFO: [ app_end ] --START--
INFO: Run Behavior\ShowPageTraceBehavior [ RunTime:0.002000s ]
INFO: [ app_end ] --END-- [ RunTime:0.002000s ]

[ 2018-07-22T01:27:34+08:00 ] ::1 /project/index.php/Admin/Admin/booksCheck.html
INFO: [ app_init ] --START--
INFO: Run Behavior\BuildLiteBehavior [ RunTime:0.000000s ]
INFO: [ app_init ] --END-- [ RunTime:0.001000s ]
INFO: [ app_begin ] --START--
INFO: Run Behavior\ReadHtmlCacheBehavior [ RunTime:0.001000s ]
INFO: [ app_begin ] --END-- [ RunTime:0.001000s ]
SQL: SHOW COLUMNS FROM `books` [ RunTime:0.0040s ]
SQL: SELECT * FROM `books` left join uinfomation on  books.userid = uinfomation.userid  WHERE ( Status=0 )  [ RunTime:0.0470s ]
SQL: SELECT * FROM `books` left join uinfomation on  books.userid = uinfomation.userid  WHERE ( Status=0 ) LIMIT 0,5   [ RunTime:0.0010s ]
INFO: [ view_parse ] --START--
INFO: [ template_filter ] --START--
INFO: Run Behavior\ContentReplaceBehavior [ RunTime:0.000000s ]
INFO: [ template_filter ] --END-- [ RunTime:0.000000s ]
INFO: Run Behavior\ParseTemplateBehavior [ RunTime:0.021001s ]
INFO: [ view_parse ] --END-- [ RunTime:0.021001s ]
INFO: [ view_filter ] --START--
INFO: Run Behavior\WriteHtmlCacheBehavior [ RunTime:0.001000s ]
INFO: [ view_filter ] --END-- [ RunTime:0.001000s ]
INFO: [ app_end ] --START--
INFO: Run Behavior\ShowPageTraceBehavior [ RunTime:0.001000s ]
INFO: [ app_end ] --END-- [ RunTime:0.001000s ]

[ 2018-07-22T01:27:35+08:00 ] ::1 /project/index.php/Admin/Admin/reportAudit.html
INFO: [ app_init ] --START--
INFO: Run Behavior\BuildLiteBehavior [ RunTime:0.001000s ]
INFO: [ app_init ] --END-- [ RunTime:0.001000s ]
INFO: [ app_begin ] --START--
INFO: Run Behavior\ReadHtmlCacheBehavior [ RunTime:0.002000s ]
INFO: [ app_begin ] --END-- [ RunTime:0.002000s ]
SQL: SHOW COLUMNS FROM `comment` [ RunTime:0.0060s ]
SQL: SELECT * FROM `comment` left join uinfomation on  comment.uid = uinfomation.userid  WHERE ( status=1 )  [ RunTime:0.0400s ]
SQL: SELECT * FROM `comment` left join uinfomation on  comment.uid = uinfomation.userid  WHERE ( status=1 ) LIMIT 0,5   [ RunTime:0.0010s ]
INFO: [ view_parse ] --START--
INFO: [ template_filter ] --START--
INFO: Run Behavior\ContentReplaceBehavior [ RunTime:0.000000s ]
INFO: [ template_filter ] --END-- [ RunTime:0.000000s ]
INFO: Run Behavior\ParseTemplateBehavior [ RunTime:0.017001s ]
INFO: [ view_parse ] --END-- [ RunTime:0.017001s ]
INFO: [ view_filter ] --START--
INFO: Run Behavior\WriteHtmlCacheBehavior [ RunTime:0.001000s ]
INFO: [ view_filter ] --END-- [ RunTime:0.001000s ]
INFO: [ app_end ] --START--
INFO: Run Behavior\ShowPageTraceBehavior [ RunTime:0.001000s ]
INFO: [ app_end ] --END-- [ RunTime:0.001000s ]

[ 2018-07-22T01:27:36+08:00 ] ::1 /project/index.php/Admin/Admin/bookUpload.html
INFO: [ app_init ] --START--
INFO: Run Behavior\BuildLiteBehavior [ RunTime:0.000000s ]
INFO: [ app_init ] --END-- [ RunTime:0.001000s ]
INFO: [ app_begin ] --START--
INFO: Run Behavior\ReadHtmlCacheBehavior [ RunTime:0.001000s ]
INFO: [ app_begin ] --END-- [ RunTime:0.001000s ]
INFO: [ view_parse ] --START--
INFO: [ template_filter ] --START--
INFO: Run Behavior\ContentReplaceBehavior [ RunTime:0.000000s ]
INFO: [ template_filter ] --END-- [ RunTime:0.000000s ]
INFO: Run Behavior\ParseTemplateBehavior [ RunTime:0.024001s ]
INFO: [ view_parse ] --END-- [ RunTime:0.024001s ]
INFO: [ view_filter ] --START--
INFO: Run Behavior\WriteHtmlCacheBehavior [ RunTime:0.001000s ]
INFO: [ view_filter ] --END-- [ RunTime:0.001000s ]
INFO: [ app_end ] --START--
INFO: Run Behavior\ShowPageTraceBehavior [ RunTime:0.001000s ]
INFO: [ app_end ] --END-- [ RunTime:0.001000s ]

[ 2018-07-22T01:27:42+08:00 ] ::1 /project/index.php/Admin/Admin/bookUpload.html
INFO: [ app_init ] --START--
INFO: Run Behavior\BuildLiteBehavior [ RunTime:0.000000s ]
INFO: [ app_init ] --END-- [ RunTime:0.001001s ]
INFO: [ app_begin ] --START--
INFO: Run Behavior\ReadHtmlCacheBehavior [ RunTime:0.001000s ]
INFO: [ app_begin ] --END-- [ RunTime:0.001000s ]
INFO: [ view_parse ] --START--
INFO: [ template_filter ] --START--
INFO: Run Behavior\ContentReplaceBehavior [ RunTime:0.000000s ]
INFO: [ template_filter ] --END-- [ RunTime:0.000000s ]
INFO: Run Behavior\ParseTemplateBehavior [ RunTime:0.012001s ]
INFO: [ view_parse ] --END-- [ RunTime:0.012001s ]
INFO: [ view_filter ] --START--
INFO: Run Behavior\WriteHtmlCacheBehavior [ RunTime:0.001000s ]
INFO: [ view_filter ] --END-- [ RunTime:0.001000s ]
INFO: [ app_end ] --START--
INFO: Run Behavior\ShowPageTraceBehavior [ RunTime:0.001000s ]
INFO: [ app_end ] --END-- [ RunTime:0.001000s ]

[ 2018-07-22T01:27:43+08:00 ] ::1 /project/index.php/Admin/Admin/rank.html
INFO: [ app_init ] --START--
INFO: Run Behavior\BuildLiteBehavior [ RunTime:0.000000s ]
INFO: [ app_init ] --END-- [ RunTime:0.000000s ]
INFO: [ app_begin ] --START--
INFO: Run Behavior\ReadHtmlCacheBehavior [ RunTime:0.001000s ]
INFO: [ app_begin ] --END-- [ RunTime:0.001000s ]
SQL: SHOW COLUMNS FROM `books` [ RunTime:0.0060s ]
SQL: SELECT books.bid,books.bookname,count(*) as num FROM `books` INNER JOIN comment ON books.bid = comment.bid  GROUP BY comment.bid ORDER BY num desc LIMIT 10   [ RunTime:0.4570s ]
SQL: SHOW COLUMNS FROM `digest` [ RunTime:0.0060s ]
SQL: SELECT digest.bookid,books.bookname,count(*) as num FROM `digest` INNER JOIN books ON digest.bookid = books.bid  GROUP BY books.bid ORDER BY num desc LIMIT 10   [ RunTime:0.0010s ]
INFO: [ view_parse ] --START--
INFO: [ template_filter ] --START--
INFO: Run Behavior\ContentReplaceBehavior [ RunTime:0.000000s ]
INFO: [ template_filter ] --END-- [ RunTime:0.001000s ]

[ 2018-07-22T01:27:46+08:00 ] ::1 /project/index.php/Admin/Admin/rank.html
INFO: [ app_init ] --START--
INFO: Run Behavior\BuildLiteBehavior [ RunTime:0.000000s ]
INFO: [ app_init ] --END-- [ RunTime:0.000000s ]
INFO: [ app_begin ] --START--
INFO: Run Behavior\ReadHtmlCacheBehavior [ RunTime:0.001000s ]
INFO: [ app_begin ] --END-- [ RunTime:0.001000s ]
SQL: SHOW COLUMNS FROM `books` [ RunTime:0.0030s ]
SQL: SELECT books.bid,books.bookname,count(*) as num FROM `books` INNER JOIN comment ON books.bid = comment.bid  GROUP BY comment.bid ORDER BY num desc LIMIT 10   [ RunTime:0.0020s ]
SQL: SHOW COLUMNS FROM `digest` [ RunTime:0.0040s ]
SQL: SELECT digest.bookid,books.bookname,count(*) as num FROM `digest` INNER JOIN books ON digest.bookid = books.bid  GROUP BY books.bid ORDER BY num desc LIMIT 10   [ RunTime:0.0010s ]
INFO: [ view_parse ] --START--
INFO: [ template_filter ] --START--
INFO: Run Behavior\ContentReplaceBehavior [ RunTime:0.000000s ]
INFO: [ template_filter ] --END-- [ RunTime:0.000000s ]

[ 2018-07-22T01:29:18+08:00 ] ::1 /project/index.php/Admin/Admin/rank.html
INFO: [ app_init ] --START--
INFO: Run Behavior\BuildLiteBehavior [ RunTime:0.000000s ]
INFO: [ app_init ] --END-- [ RunTime:0.001000s ]
INFO: [ app_begin ] --START--
INFO: Run Behavior\ReadHtmlCacheBehavior [ RunTime:0.001000s ]
INFO: [ app_begin ] --END-- [ RunTime:0.001000s ]
SQL: SHOW COLUMNS FROM `books` [ RunTime:0.0060s ]
SQL: SELECT books.bid,books.bookname,count(*) as num FROM `books` INNER JOIN comment ON books.bid = comment.bid  GROUP BY comment.bid ORDER BY num desc LIMIT 10   [ RunTime:0.0030s ]
SQL: SHOW COLUMNS FROM `digest` [ RunTime:0.0050s ]
SQL: SELECT digest.bookid,books.bookname,count(*) as num FROM `digest` INNER JOIN books ON digest.bookid = books.bid  GROUP BY books.bid ORDER BY num desc LIMIT 10   [ RunTime:0.0010s ]
INFO: [ view_parse ] --START--
INFO: [ template_filter ] --START--
INFO: Run Behavior\ContentReplaceBehavior [ RunTime:0.000000s ]
INFO: [ template_filter ] --END-- [ RunTime:0.000000s ]

[ 2018-07-22T01:30:48+08:00 ] ::1 /project/index.php/Admin/Admin/rank.html
INFO: [ app_init ] --START--
INFO: Run Behavior\BuildLiteBehavior [ RunTime:0.000000s ]
INFO: [ app_init ] --END-- [ RunTime:0.001000s ]
INFO: [ app_begin ] --START--
INFO: Run Behavior\ReadHtmlCacheBehavior [ RunTime:0.001000s ]
INFO: [ app_begin ] --END-- [ RunTime:0.001000s ]
SQL: SHOW COLUMNS FROM `books` [ RunTime:0.0050s ]
SQL: SELECT books.bid,books.bookname,count(*) as num FROM `books` INNER JOIN comment ON books.bid = comment.bid  GROUP BY comment.bid ORDER BY num desc LIMIT 10   [ RunTime:0.0010s ]
SQL: SHOW COLUMNS FROM `digest` [ RunTime:0.0040s ]
SQL: SELECT digest.bookid,books.bookname,count(*) as num FROM `digest` INNER JOIN books ON digest.bookid = books.bid  GROUP BY books.bid ORDER BY num desc LIMIT 10   [ RunTime:0.0010s ]
INFO: [ view_parse ] --START--
INFO: [ template_filter ] --START--
INFO: Run Behavior\ContentReplaceBehavior [ RunTime:0.000000s ]
INFO: [ template_filter ] --END-- [ RunTime:0.000000s ]
INFO: Run Behavior\ParseTemplateBehavior [ RunTime:0.010000s ]
INFO: [ view_parse ] --END-- [ RunTime:0.010000s ]
INFO: [ view_filter ] --START--
INFO: Run Behavior\WriteHtmlCacheBehavior [ RunTime:0.000000s ]
INFO: [ view_filter ] --END-- [ RunTime:0.000000s ]
INFO: [ app_end ] --START--
INFO: Run Behavior\ShowPageTraceBehavior [ RunTime:0.001000s ]
INFO: [ app_end ] --END-- [ RunTime:0.001000s ]

[ 2018-07-22T01:30:58+08:00 ] ::1 /project/index.php/Admin/Admin/userInfo.html
INFO: [ app_init ] --START--
INFO: Run Behavior\BuildLiteBehavior [ RunTime:0.000000s ]
INFO: [ app_init ] --END-- [ RunTime:0.000000s ]
INFO: [ app_begin ] --START--
INFO: Run Behavior\ReadHtmlCacheBehavior [ RunTime:0.001000s ]
INFO: [ app_begin ] --END-- [ RunTime:0.001000s ]
SQL: SHOW COLUMNS FROM `uinfomation` [ RunTime:0.0080s ]
SQL: SELECT COUNT(*) AS tp_count FROM `uinfomation` LIMIT 1   [ RunTime:0.0010s ]
SQL: SELECT * FROM `uinfomation` LIMIT 0,8   [ RunTime:0.0010s ]
INFO: [ view_parse ] --START--
INFO: [ template_filter ] --START--
INFO: Run Behavior\ContentReplaceBehavior [ RunTime:0.000000s ]
INFO: [ template_filter ] --END-- [ RunTime:0.001000s ]
NOTIC: [8] Use of undefined constant sex - assumed 'sex' E:\less1\phpstudy\PHPTutorial\WWW\project\App\Runtime\Cache\Admin\d8ce7c54836328eb611b996a7ec3d475.php 第 114 行.
NOTIC: [8] Array to string conversion E:\less1\phpstudy\PHPTutorial\WWW\project\App\Runtime\Cache\Admin\d8ce7c54836328eb611b996a7ec3d475.php 第 114 行.
NOTIC: [8] Use of undefined constant sex - assumed 'sex' E:\less1\phpstudy\PHPTutorial\WWW\project\App\Runtime\Cache\Admin\d8ce7c54836328eb611b996a7ec3d475.php 第 114 行.
NOTIC: [8] Array to string conversion E:\less1\phpstudy\PHPTutorial\WWW\project\App\Runtime\Cache\Admin\d8ce7c54836328eb611b996a7ec3d475.php 第 114 行.
NOTIC: [8] Use of undefined constant sex - assumed 'sex' E:\less1\phpstudy\PHPTutorial\WWW\project\App\Runtime\Cache\Admin\d8ce7c54836328eb611b996a7ec3d475.php 第 114 行.
NOTIC: [8] Array to string conversion E:\less1\phpstudy\PHPTutorial\WWW\project\App\Runtime\Cache\Admin\d8ce7c54836328eb611b996a7ec3d475.php 第 114 行.
NOTIC: [8] Use of undefined constant sex - assumed 'sex' E:\less1\phpstudy\PHPTutorial\WWW\project\App\Runtime\Cache\Admin\d8ce7c54836328eb611b996a7ec3d475.php 第 114 行.
NOTIC: [8] Array to string conversion E:\less1\phpstudy\PHPTutorial\WWW\project\App\Runtime\Cache\Admin\d8ce7c54836328eb611b996a7ec3d475.php 第 114 行.
NOTIC: [8] Use of undefined constant sex - assumed 'sex' E:\less1\phpstudy\PHPTutorial\WWW\project\App\Runtime\Cache\Admin\d8ce7c54836328eb611b996a7ec3d475.php 第 114 行.
NOTIC: [8] Array to string conversion E:\less1\phpstudy\PHPTutorial\WWW\project\App\Runtime\Cache\Admin\d8ce7c54836328eb611b996a7ec3d475.php 第 114 行.
NOTIC: [8] Use of undefined constant sex - assumed 'sex' E:\less1\phpstudy\PHPTutorial\WWW\project\App\Runtime\Cache\Admin\d8ce7c54836328eb611b996a7ec3d475.php 第 114 行.
NOTIC: [8] Array to string conversion E:\less1\phpstudy\PHPTutorial\WWW\project\App\Runtime\Cache\Admin\d8ce7c54836328eb611b996a7ec3d475.php 第 114 行.
NOTIC: [8] Use of undefined constant sex - assumed 'sex' E:\less1\phpstudy\PHPTutorial\WWW\project\App\Runtime\Cache\Admin\d8ce7c54836328eb611b996a7ec3d475.php 第 114 行.
NOTIC: [8] Array to string conversion E:\less1\phpstudy\PHPTutorial\WWW\project\App\Runtime\Cache\Admin\d8ce7c54836328eb611b996a7ec3d475.php 第 114 行.
NOTIC: [8] Use of undefined constant sex - assumed 'sex' E:\less1\phpstudy\PHPTutorial\WWW\project\App\Runtime\Cache\Admin\d8ce7c54836328eb611b996a7ec3d475.php 第 114 行.
NOTIC: [8] Array to string conversion E:\less1\phpstudy\PHPTutorial\WWW\project\App\Runtime\Cache\Admin\d8ce7c54836328eb611b996a7ec3d475.php 第 114 行.
INFO: Run Behavior\ParseTemplateBehavior [ RunTime:0.014001s ]
INFO: [ view_parse ] --END-- [ RunTime:0.014001s ]
INFO: [ view_filter ] --START--
INFO: Run Behavior\WriteHtmlCacheBehavior [ RunTime:0.001000s ]
INFO: [ view_filter ] --END-- [ RunTime:0.001000s ]
INFO: [ app_end ] --START--
INFO: Run Behavior\ShowPageTraceBehavior [ RunTime:0.001000s ]
INFO: [ app_end ] --END-- [ RunTime:0.001000s ]

[ 2018-07-22T01:31:01+08:00 ] ::1 /project/index.php/Admin/Admin/authorInfo.html
INFO: [ app_init ] --START--
INFO: Run Behavior\BuildLiteBehavior [ RunTime:0.000000s ]
INFO: [ app_init ] --END-- [ RunTime:0.001000s ]
INFO: [ app_begin ] --START--
INFO: Run Behavior\ReadHtmlCacheBehavior [ RunTime:0.001000s ]
INFO: [ app_begin ] --END-- [ RunTime:0.001000s ]
SQL: SHOW COLUMNS FROM `uinfomation` [ RunTime:0.0060s ]
SQL: SELECT * FROM `uinfomation` INNER JOIN books ON uinfomation.userid = books.userid  GROUP BY books.userid  [ RunTime:0.0070s ]
SQL: SELECT * FROM `uinfomation` INNER JOIN books ON uinfomation.userid = books.userid  GROUP BY books.userid LIMIT 0,5   [ RunTime:0.0010s ]
INFO: [ view_parse ] --START--
INFO: [ template_filter ] --START--
INFO: Run Behavior\ContentReplaceBehavior [ RunTime:0.000000s ]
INFO: [ template_filter ] --END-- [ RunTime:0.000000s ]
INFO: Run Behavior\ParseTemplateBehavior [ RunTime:0.009000s ]
INFO: [ view_parse ] --END-- [ RunTime:0.009000s ]
INFO: [ view_filter ] --START--
INFO: Run Behavior\WriteHtmlCacheBehavior [ RunTime:0.001000s ]
INFO: [ view_filter ] --END-- [ RunTime:0.001000s ]
INFO: [ app_end ] --START--
INFO: Run Behavior\ShowPageTraceBehavior [ RunTime:0.003001s ]
INFO: [ app_end ] --END-- [ RunTime:0.003001s ]

[ 2018-07-22T01:31:01+08:00 ] ::1 /project/index.php/Admin/Admin/test
INFO: [ app_init ] --START--
INFO: Run Behavior\BuildLiteBehavior [ RunTime:0.000000s ]
INFO: [ app_init ] --END-- [ RunTime:0.001000s ]
INFO: [ app_begin ] --START--
INFO: Run Behavior\ReadHtmlCacheBehavior [ RunTime:0.001000s ]
INFO: [ app_begin ] --END-- [ RunTime:0.001000s ]
SQL: SHOW COLUMNS FROM `books` [ RunTime:0.0040s ]
SQL: SELECT `userid`,`bookName` FROM `books` WHERE ( userid=2 )  [ RunTime:0.0000s ]

[ 2018-07-22T01:31:04+08:00 ] ::1 /project/index.php/Admin/Admin/test
INFO: [ app_init ] --START--
INFO: Run Behavior\BuildLiteBehavior [ RunTime:0.000000s ]
INFO: [ app_init ] --END-- [ RunTime:0.000000s ]
INFO: [ app_begin ] --START--
INFO: Run Behavior\ReadHtmlCacheBehavior [ RunTime:0.001000s ]
INFO: [ app_begin ] --END-- [ RunTime:0.001000s ]
SQL: SHOW COLUMNS FROM `books` [ RunTime:0.0040s ]
SQL: SELECT `userid`,`bookName` FROM `books` WHERE ( userid=4 )  [ RunTime:0.0010s ]

[ 2018-07-22T01:31:12+08:00 ] ::1 /project/index.php/Admin/Admin/bookUpload.html
INFO: [ app_init ] --START--
INFO: Run Behavior\BuildLiteBehavior [ RunTime:0.000000s ]
INFO: [ app_init ] --END-- [ RunTime:0.001000s ]
INFO: [ app_begin ] --START--
INFO: Run Behavior\ReadHtmlCacheBehavior [ RunTime:0.001000s ]
INFO: [ app_begin ] --END-- [ RunTime:0.001000s ]
INFO: [ view_parse ] --START--
INFO: [ template_filter ] --START--
INFO: Run Behavior\ContentReplaceBehavior [ RunTime:0.000000s ]
INFO: [ template_filter ] --END-- [ RunTime:0.000000s ]
INFO: Run Behavior\ParseTemplateBehavior [ RunTime:0.010001s ]
INFO: [ view_parse ] --END-- [ RunTime:0.010001s ]
INFO: [ view_filter ] --START--
INFO: Run Behavior\WriteHtmlCacheBehavior [ RunTime:0.001000s ]
INFO: [ view_filter ] --END-- [ RunTime:0.001000s ]
INFO: [ app_end ] --START--
INFO: Run Behavior\ShowPageTraceBehavior [ RunTime:0.001000s ]
INFO: [ app_end ] --END-- [ RunTime:0.001000s ]

[ 2018-07-22T01:31:17+08:00 ] ::1 /project/index.php/Admin/Admin/userInfo.html
INFO: [ app_init ] --START--
INFO: Run Behavior\BuildLiteBehavior [ RunTime:0.000000s ]
INFO: [ app_init ] --END-- [ RunTime:0.000000s ]
INFO: [ app_begin ] --START--
INFO: Run Behavior\ReadHtmlCacheBehavior [ RunTime:0.002000s ]
INFO: [ app_begin ] --END-- [ RunTime:0.002000s ]
SQL: SHOW COLUMNS FROM `uinfomation` [ RunTime:0.0080s ]
SQL: SELECT COUNT(*) AS tp_count FROM `uinfomation` LIMIT 1   [ RunTime:0.0010s ]
SQL: SELECT * FROM `uinfomation` LIMIT 0,8   [ RunTime:0.0000s ]
INFO: [ view_parse ] --START--
INFO: [ template_filter ] --START--
INFO: Run Behavior\ContentReplaceBehavior [ RunTime:0.000000s ]
INFO: [ template_filter ] --END-- [ RunTime:0.000000s ]
NOTIC: [8] Use of undefined constant sex - assumed 'sex' E:\less1\phpstudy\PHPTutorial\WWW\project\App\Runtime\Cache\Admin\d8ce7c54836328eb611b996a7ec3d475.php 第 114 行.
NOTIC: [8] Array to string conversion E:\less1\phpstudy\PHPTutorial\WWW\project\App\Runtime\Cache\Admin\d8ce7c54836328eb611b996a7ec3d475.php 第 114 行.
NOTIC: [8] Use of undefined constant sex - assumed 'sex' E:\less1\phpstudy\PHPTutorial\WWW\project\App\Runtime\Cache\Admin\d8ce7c54836328eb611b996a7ec3d475.php 第 114 行.
NOTIC: [8] Array to string conversion E:\less1\phpstudy\PHPTutorial\WWW\project\App\Runtime\Cache\Admin\d8ce7c54836328eb611b996a7ec3d475.php 第 114 行.
NOTIC: [8] Use of undefined constant sex - assumed 'sex' E:\less1\phpstudy\PHPTutorial\WWW\project\App\Runtime\Cache\Admin\d8ce7c54836328eb611b996a7ec3d475.php 第 114 行.
NOTIC: [8] Array to string conversion E:\less1\phpstudy\PHPTutorial\WWW\project\App\Runtime\Cache\Admin\d8ce7c54836328eb611b996a7ec3d475.php 第 114 行.
NOTIC: [8] Use of undefined constant sex - assumed 'sex' E:\less1\phpstudy\PHPTutorial\WWW\project\App\Runtime\Cache\Admin\d8ce7c54836328eb611b996a7ec3d475.php 第 114 行.
NOTIC: [8] Array to string conversion E:\less1\phpstudy\PHPTutorial\WWW\project\App\Runtime\Cache\Admin\d8ce7c54836328eb611b996a7ec3d475.php 第 114 行.
NOTIC: [8] Use of undefined constant sex - assumed 'sex' E:\less1\phpstudy\PHPTutorial\WWW\project\App\Runtime\Cache\Admin\d8ce7c54836328eb611b996a7ec3d475.php 第 114 行.
NOTIC: [8] Array to string conversion E:\less1\phpstudy\PHPTutorial\WWW\project\App\Runtime\Cache\Admin\d8ce7c54836328eb611b996a7ec3d475.php 第 114 行.
NOTIC: [8] Use of undefined constant sex - assumed 'sex' E:\less1\phpstudy\PHPTutorial\WWW\project\App\Runtime\Cache\Admin\d8ce7c54836328eb611b996a7ec3d475.php 第 114 行.
NOTIC: [8] Array to string conversion E:\less1\phpstudy\PHPTutorial\WWW\project\App\Runtime\Cache\Admin\d8ce7c54836328eb611b996a7ec3d475.php 第 114 行.
NOTIC: [8] Use of undefined constant sex - assumed 'sex' E:\less1\phpstudy\PHPTutorial\WWW\project\App\Runtime\Cache\Admin\d8ce7c54836328eb611b996a7ec3d475.php 第 114 行.
NOTIC: [8] Array to string conversion E:\less1\phpstudy\PHPTutorial\WWW\project\App\Runtime\Cache\Admin\d8ce7c54836328eb611b996a7ec3d475.php 第 114 行.
NOTIC: [8] Use of undefined constant sex - assumed 'sex' E:\less1\phpstudy\PHPTutorial\WWW\project\App\Runtime\Cache\Admin\d8ce7c54836328eb611b996a7ec3d475.php 第 114 行.
NOTIC: [8] Array to string conversion E:\less1\phpstudy\PHPTutorial\WWW\project\App\Runtime\Cache\Admin\d8ce7c54836328eb611b996a7ec3d475.php 第 114 行.
INFO: Run Behavior\ParseTemplateBehavior [ RunTime:0.010001s ]
INFO: [ view_parse ] --END-- [ RunTime:0.010001s ]
INFO: [ view_filter ] --START--
INFO: Run Behavior\WriteHtmlCacheBehavior [ RunTime:0.002000s ]
INFO: [ view_filter ] --END-- [ RunTime:0.002000s ]
INFO: [ app_end ] --START--
INFO: Run Behavior\ShowPageTraceBehavior [ RunTime:0.002000s ]
INFO: [ app_end ] --END-- [ RunTime:0.002000s ]

[ 2018-07-22T01:31:28+08:00 ] ::1 /project/index.php/Admin/Admin/bookInfo.html
INFO: [ app_init ] --START--
INFO: Run Behavior\BuildLiteBehavior [ RunTime:0.000000s ]
INFO: [ app_init ] --END-- [ RunTime:0.001000s ]
INFO: [ app_begin ] --START--
INFO: Run Behavior\ReadHtmlCacheBehavior [ RunTime:0.002000s ]
INFO: [ app_begin ] --END-- [ RunTime:0.002000s ]
SQL: SHOW COLUMNS FROM `books` [ RunTime:0.0040s ]
SQL: SELECT * FROM `books` left join uinfomation on  books.userid = uinfomation.userid  WHERE ( status=1 )  [ RunTime:0.0050s ]
SQL: SELECT * FROM `books` left join uinfomation on  books.userid = uinfomation.userid  WHERE ( status=1 ) LIMIT 0,5   [ RunTime:0.0010s ]
INFO: [ view_parse ] --START--
INFO: [ template_filter ] --START--
INFO: Run Behavior\ContentReplaceBehavior [ RunTime:0.000000s ]
INFO: [ template_filter ] --END-- [ RunTime:0.000000s ]
INFO: Run Behavior\ParseTemplateBehavior [ RunTime:0.081005s ]
INFO: [ view_parse ] --END-- [ RunTime:0.081005s ]
INFO: [ view_filter ] --START--
INFO: Run Behavior\WriteHtmlCacheBehavior [ RunTime:0.001000s ]
INFO: [ view_filter ] --END-- [ RunTime:0.001000s ]
INFO: [ app_end ] --START--
INFO: Run Behavior\ShowPageTraceBehavior [ RunTime:0.002000s ]
INFO: [ app_end ] --END-- [ RunTime:0.002000s ]

[ 2018-07-22T01:31:30+08:00 ] ::1 /project/index.php/Admin/Admin/authorInfo.html
INFO: [ app_init ] --START--
INFO: Run Behavior\BuildLiteBehavior [ RunTime:0.000000s ]
INFO: [ app_init ] --END-- [ RunTime:0.001000s ]
INFO: [ app_begin ] --START--
INFO: Run Behavior\ReadHtmlCacheBehavior [ RunTime:0.001000s ]
INFO: [ app_begin ] --END-- [ RunTime:0.001000s ]
SQL: SHOW COLUMNS FROM `uinfomation` [ RunTime:0.0080s ]
SQL: SELECT * FROM `uinfomation` INNER JOIN books ON uinfomation.userid = books.userid  GROUP BY books.userid  [ RunTime:0.0050s ]
SQL: SELECT * FROM `uinfomation` INNER JOIN books ON uinfomation.userid = books.userid  GROUP BY books.userid LIMIT 0,5   [ RunTime:0.0010s ]
INFO: [ view_parse ] --START--
INFO: [ template_filter ] --START--
INFO: Run Behavior\ContentReplaceBehavior [ RunTime:0.000000s ]
INFO: [ template_filter ] --END-- [ RunTime:0.000000s ]
INFO: Run Behavior\ParseTemplateBehavior [ RunTime:0.014000s ]
INFO: [ view_parse ] --END-- [ RunTime:0.014000s ]
INFO: [ view_filter ] --START--
INFO: Run Behavior\WriteHtmlCacheBehavior [ RunTime:0.001000s ]
INFO: [ view_filter ] --END-- [ RunTime:0.001000s ]
INFO: [ app_end ] --START--
INFO: Run Behavior\ShowPageTraceBehavior [ RunTime:0.002001s ]
INFO: [ app_end ] --END-- [ RunTime:0.002001s ]

[ 2018-07-22T01:31:31+08:00 ] ::1 /project/index.php/Admin/Admin/authorInfo/p/2.html
INFO: [ app_init ] --START--
INFO: Run Behavior\BuildLiteBehavior [ RunTime:0.000000s ]
INFO: [ app_init ] --END-- [ RunTime:0.000000s ]
INFO: [ app_begin ] --START--
INFO: Run Behavior\ReadHtmlCacheBehavior [ RunTime:0.001000s ]
INFO: [ app_begin ] --END-- [ RunTime:0.001000s ]
SQL: SHOW COLUMNS FROM `uinfomation` [ RunTime:0.0040s ]
SQL: SELECT * FROM `uinfomation` INNER JOIN books ON uinfomation.userid = books.userid  GROUP BY books.userid  [ RunTime:0.0050s ]
SQL: SELECT * FROM `uinfomation` INNER JOIN books ON uinfomation.userid = books.userid  GROUP BY books.userid LIMIT 5,5   [ RunTime:0.0000s ]
INFO: [ view_parse ] --START--
INFO: [ template_filter ] --START--
INFO: Run Behavior\ContentReplaceBehavior [ RunTime:0.000000s ]
INFO: [ template_filter ] --END-- [ RunTime:0.000000s ]
INFO: Run Behavior\ParseTemplateBehavior [ RunTime:0.016000s ]
INFO: [ view_parse ] --END-- [ RunTime:0.016000s ]
INFO: [ view_filter ] --START--
INFO: Run Behavior\WriteHtmlCacheBehavior [ RunTime:0.001001s ]
INFO: [ view_filter ] --END-- [ RunTime:0.001001s ]
INFO: [ app_end ] --START--
INFO: Run Behavior\ShowPageTraceBehavior [ RunTime:0.002000s ]
INFO: [ app_end ] --END-- [ RunTime:0.002000s ]

[ 2018-07-22T01:31:34+08:00 ] ::1 /project/index.php/Admin/Admin/test
INFO: [ app_init ] --START--
INFO: Run Behavior\BuildLiteBehavior [ RunTime:0.000000s ]
INFO: [ app_init ] --END-- [ RunTime:0.000000s ]
INFO: [ app_begin ] --START--
INFO: Run Behavior\ReadHtmlCacheBehavior [ RunTime:0.001001s ]
INFO: [ app_begin ] --END-- [ RunTime:0.001001s ]
SQL: SHOW COLUMNS FROM `books` [ RunTime:0.0040s ]
SQL: SELECT `userid`,`bookName` FROM `books` WHERE ( userid=66 )  [ RunTime:0.0000s ]

[ 2018-07-22T01:31:36+08:00 ] ::1 /project/index.php/Admin/Admin/authorInfo/p/1.html
INFO: [ app_init ] --START--
INFO: Run Behavior\BuildLiteBehavior [ RunTime:0.001000s ]
INFO: [ app_init ] --END-- [ RunTime:0.001000s ]
INFO: [ app_begin ] --START--
INFO: Run Behavior\ReadHtmlCacheBehavior [ RunTime:0.001000s ]
INFO: [ app_begin ] --END-- [ RunTime:0.001000s ]
SQL: SHOW COLUMNS FROM `uinfomation` [ RunTime:0.0040s ]
SQL: SELECT * FROM `uinfomation` INNER JOIN books ON uinfomation.userid = books.userid  GROUP BY books.userid  [ RunTime:0.0040s ]
SQL: SELECT * FROM `uinfomation` INNER JOIN books ON uinfomation.userid = books.userid  GROUP BY books.userid LIMIT 0,5   [ RunTime:0.0000s ]
INFO: [ view_parse ] --START--
INFO: [ template_filter ] --START--
INFO: Run Behavior\ContentReplaceBehavior [ RunTime:0.000000s ]
INFO: [ template_filter ] --END-- [ RunTime:0.000000s ]
INFO: Run Behavior\ParseTemplateBehavior [ RunTime:0.009001s ]
INFO: [ view_parse ] --END-- [ RunTime:0.009001s ]
INFO: [ view_filter ] --START--
INFO: Run Behavior\WriteHtmlCacheBehavior [ RunTime:0.001000s ]
INFO: [ view_filter ] --END-- [ RunTime:0.001000s ]
INFO: [ app_end ] --START--
INFO: Run Behavior\ShowPageTraceBehavior [ RunTime:0.001000s ]
INFO: [ app_end ] --END-- [ RunTime:0.001000s ]

[ 2018-07-22T01:31:37+08:00 ] ::1 /project/index.php/Admin/Admin/test
INFO: [ app_init ] --START--
INFO: Run Behavior\BuildLiteBehavior [ RunTime:0.000000s ]
INFO: [ app_init ] --END-- [ RunTime:0.000000s ]
INFO: [ app_begin ] --START--
INFO: Run Behavior\ReadHtmlCacheBehavior [ RunTime:0.001000s ]
INFO: [ app_begin ] --END-- [ RunTime:0.001000s ]
SQL: SHOW COLUMNS FROM `books` [ RunTime:0.0050s ]
SQL: SELECT `userid`,`bookName` FROM `books` WHERE ( userid=3 )  [ RunTime:0.0000s ]

[ 2018-07-22T01:31:39+08:00 ] ::1 /project/index.php/Admin/Admin/test
INFO: [ app_init ] --START--
INFO: Run Behavior\BuildLiteBehavior [ RunTime:0.000000s ]
INFO: [ app_init ] --END-- [ RunTime:0.000000s ]
INFO: [ app_begin ] --START--
INFO: Run Behavior\ReadHtmlCacheBehavior [ RunTime:0.001000s ]
INFO: [ app_begin ] --END-- [ RunTime:0.001000s ]
SQL: SHOW COLUMNS FROM `books` [ RunTime:0.0040s ]
SQL: SELECT `userid`,`bookName` FROM `books` WHERE ( userid=4 )  [ RunTime:0.0000s ]

[ 2018-07-22T01:31:49+08:00 ] ::1 /project/index.php/Admin/Admin/test
INFO: [ app_init ] --START--
INFO: Run Behavior\BuildLiteBehavior [ RunTime:0.000000s ]
INFO: [ app_init ] --END-- [ RunTime:0.000000s ]
INFO: [ app_begin ] --START--
INFO: Run Behavior\ReadHtmlCacheBehavior [ RunTime:0.001001s ]
INFO: [ app_begin ] --END-- [ RunTime:0.001001s ]
SQL: SHOW COLUMNS FROM `books` [ RunTime:0.0030s ]
SQL: SELECT `userid`,`bookName` FROM `books` WHERE ( userid=2 )  [ RunTime:0.0000s ]

